04:30:15.449 [main                     ] DEBUG Logger               - Configured Logger
04:30:15.454 [main                     ] DEBUG GameApplication      - Logging settings
Title: Pong
Version: 1.0
Width: 800
Height: 600
Fullscreen: false
Intro: false
Profiling: false
Single step:false
App Mode: DEBUG
Menu Key: ESCAPE
Stage Style: DECORATED
Scene Factory: class com.almasb.fxgl.app.scene.SceneFactory

04:30:15.735 [JavaFX Application Thread] DEBUG FXGLApplication      - Initializing FXGL
04:30:15.741 [JavaFX Application Thread] INFO  Engine               - FXGL-11.11 (08.09.2020 18.00) on WINDOWS (J:17.0.5 FX:14)
04:30:15.741 [JavaFX Application Thread] DEBUG Engine               - JRE Vendor Name: Eclipse Adoptium
04:30:15.742 [JavaFX Application Thread] DEBUG Engine               - Running on OS: Windows 10 version 10.0
04:30:15.742 [JavaFX Application Thread] DEBUG Engine               - Architecture: amd64
04:30:15.742 [JavaFX Application Thread] INFO  Engine               - Source code and latest versions at: https://github.com/AlmasB/FXGL
04:30:15.743 [JavaFX Application Thread] INFO  Engine               -              Join the FXGL chat at: https://gitter.im/AlmasB/FXGL
04:30:15.821 [JavaFX Application Thread] DEBUG MainWindow           - Creating a JavaFX scene
04:30:15.855 [JavaFX Application Thread] DEBUG MainWindow           - Target settings size: 800.0 x 600.0
04:30:15.856 [JavaFX Application Thread] DEBUG MainWindow           - Scaled scene size:    800.0 x 600.0
04:30:15.856 [JavaFX Application Thread] DEBUG MainWindow           - Scaled ratio: (1.0, 1.0)
04:30:15.857 [JavaFX Application Thread] DEBUG MainWindow           - Set initial scene to StartupScene
04:30:15.862 [JavaFX Application Thread] DEBUG MainWindow           - Opening main window
04:30:15.942 [JavaFX Application Thread] DEBUG MainWindow           - Window border size: (14.4000244140625, 37.5999755859375)
04:30:15.942 [JavaFX Application Thread] DEBUG MainWindow           - Scaled size: 800.0 x 600.0
04:30:15.943 [JavaFX Application Thread] DEBUG MainWindow           - Scaled ratio: (1.0, 1.0)
04:30:15.944 [JavaFX Application Thread] DEBUG MainWindow           - Scene size: 800.0 x 600.0
04:30:15.944 [JavaFX Application Thread] DEBUG MainWindow           - Stage size: 814.4000244140625 x 637.5999755859375
04:30:15.951 [FXGL Background Thread 1 ] DEBUG Engine               - Initializing environment variables
04:30:15.994 [FXGL Background Thread 1 ] DEBUG GameApplicationServi - Applying CSS: fxgl_dark.css
04:30:15.994 [FXGL Background Thread 1 ] DEBUG FXGLAssetLoaderServi - Loading from file system: /assets/ui/css/fxgl_dark.css
04:30:16.055 [FXGL Background Thread 1 ] DEBUG GameApplicationServi - Initializing application scenes
04:30:16.100 [FXGL Background Thread 1 ] DEBUG GameWorld            - Game world initialized
04:30:16.172 [FXGL Background Thread 1 ] DEBUG PhysicsWorld         - Physics world initialized: appHeight=600, physics.ppm=50.0
04:30:16.176 [FXGL Background Thread 1 ] DEBUG GameScene            - Game scene initialized: 800x600
04:30:16.216 [FXGL Background Thread 1 ] DEBUG FXGLAssetLoaderServi - Loading from file system: /assets/textures/particles/trace_horizontal.png
04:30:16.262 [FXGL Background Thread 1 ] DEBUG FXGL.DefaultMenu     - createMenuBodyGameMenu()
04:30:16.278 [FXGL Background Thread 1 ] DEBUG FXGL.DefaultMenu     - createOptionsMenu()
04:30:16.284 [FXGL Background Thread 1 ] DEBUG FXGLAssetLoaderServi - Loading from file system: /assets/textures/particles/smoke.png
04:30:16.347 [FXGL Background Thread 1 ] DEBUG GameApplicationServi - Application scenes initialized
04:30:16.358 [FXGL Background Thread 1 ] DEBUG SystemBundleService  - Loading FXGL system data
04:30:16.367 [FXGL Background Thread 1 ] DEBUG FileSystemAccess     - Reading from: C:\Users\Mark\Desktop\Pong CW\CI628-PongServer-master\system\fxgl.bundle
04:30:16.379 [FXGL Background Thread 1 ] DEBUG SystemBundleService  - Bundle FXGL: {}
04:30:16.380 [FXGL Background Thread 1 ] DEBUG UpdaterService       - Checking for updates
04:30:16.386 [FXGL Background Thread 4 ] DEBUG FXGLApplication      - Loading fonts
04:30:16.387 [FXGL Background Thread 1 ] DEBUG FXGLApplication      - Loading default localization
04:30:16.387 [FXGL Background Thread 4 ] DEBUG FXGLAssetLoaderServi - Loading from file system: /assets/ui/fonts/pong.ttf
04:30:16.388 [FXGL Background Thread 1 ] DEBUG FXGLAssetLoaderServi - Loading from file system: /assets/languages/english.lang
04:30:16.408 [FXGL Background Thread 1 ] INFO  FXGLApplication      - FXGL initialization took: 0.457 sec
04:30:16.419 [JavaFX Application Thread] DEBUG Input                - Registered new binding: Up1 - A
04:30:16.420 [JavaFX Application Thread] DEBUG Input                - Registered new binding: Down1 - D
04:30:16.421 [JavaFX Application Thread] DEBUG Input                - Registered new binding: Up2 - H
04:30:16.422 [JavaFX Application Thread] DEBUG Input                - Registered new binding: Down2 - K
04:30:16.422 [JavaFX Application Thread] DEBUG Input                - Registered new binding: Jump1 - W
04:30:16.423 [JavaFX Application Thread] DEBUG Input                - Registered new binding: Jump2 - U
04:30:16.423 [JavaFX Application Thread] DEBUG FXGLAssetLoaderServi - Loading from file system: /assets/textures/fxgl_icon.png
04:30:16.460 [JavaFX Application Thread] DEBUG FXGLAssetLoaderServi - Loading from file system: /assets/ui/cursors/fxgl_default.png
04:30:16.464 [JavaFX Application Thread] DEBUG Input                - Registered new binding: Screenshot - P
04:30:16.466 [JavaFX Application Thread] DEBUG Input                - Registered new binding: System info dump - CTRL+9
04:30:16.467 [JavaFX Application Thread] DEBUG Input                - Registered new binding: Restart - CTRL+R
04:30:16.468 [JavaFX Application Thread] DEBUG Input                - Registered new binding: Toggle Debug Camera - CTRL+C
04:30:16.470 [JavaFX Application Thread] DEBUG LoopRunner           - Starting loop
04:30:16.472 [JavaFX Application Thread] DEBUG GameApplicationServi - Starting new game
04:30:16.473 [JavaFX Application Thread] DEBUG Input                - Clearing active input actions
04:30:16.488 [JavaFX Application Thread] DEBUG GameApplicationServi - Removing overlay from StartupScene and adding to FXGLLoadingScene
04:30:16.489 [JavaFX Application Thread] DEBUG MainWindow           - StartupScene -> FXGLLoadingScene
04:30:16.489 [JavaFX Application Thread] DEBUG GameApplicationServi - Clearing previous game
04:30:16.490 [JavaFX Application Thread] DEBUG GameScene            - Clearing game scene
04:30:16.490 [JavaFX Application Thread] DEBUG GameWorld            - Clearing game world
04:30:16.491 [JavaFX Application Thread] DEBUG PhysicsWorld         - Clearing physics world
04:30:16.493 [FXGL Background Thread 1 ] DEBUG FXGLApplication      - Initializing game
04:30:16.542 [FXGL Background Thread 4 ] DEBUG FXGLAssetLoaderServi - Loading from file system: /assets/ui/fonts/Abel-Regular.ttf
04:30:16.548 [FXGL Background Thread 4 ] DEBUG FXGLAssetLoaderServi - Loading from file system: /assets/ui/fonts/lucida_console.ttf
04:30:16.553 [FXGL Background Thread 1 ] DEBUG FXGLAssetLoaderServi - Loading from file system: /assets/ui/main.fxml
04:30:16.556 [Thread-4                 ] DEBUG TCPServer            - Starting to listen at: 55555 type: class java.lang.String
04:30:16.556 [FXGL Background Thread 4 ] DEBUG FXGLAssetLoaderServi - Loading from file system: /assets/ui/fonts/Courier-Prime.ttf
04:30:16.620 [JavaFX Application Thread] DEBUG FXGLApplication      - Registering font factories with UI factory
04:30:16.629 [FXGL Background Thread 1 ] INFO  FXGLApplication      - Game initialization took: 0.134 sec
04:30:16.656 [JavaFX Application Thread] DEBUG Input                - Clearing active input actions
04:30:16.671 [JavaFX Application Thread] DEBUG GameApplicationServi - Removing overlay from FXGLLoadingScene and adding to GameScene
04:30:16.672 [JavaFX Application Thread] DEBUG MainWindow           - FXGLLoadingScene -> GameScene
04:30:17.167 [FXGL Background Thread 2 ] INFO  UpdaterService       - Your current version:  11.11
04:30:17.167 [FXGL Background Thread 2 ] INFO  UpdaterService       - Latest stable version: 17+dev-SNAPSHOT
04:30:19.384 [FXGL Background Thread 3 ] DEBUG Engine               - Logging environment variables
04:30:19.384 [FXGL Background Thread 3 ] DEBUG Engine               - achievements: []
04:30:19.385 [FXGL Background Thread 3 ] DEBUG Engine               - appIcon: fxgl_icon.png
04:30:19.385 [FXGL Background Thread 3 ] DEBUG Engine               - applicationMode: DEBUG
04:30:19.385 [FXGL Background Thread 3 ] DEBUG Engine               - cSSList: [fxgl_dark.css]
04:30:19.386 [FXGL Background Thread 3 ] DEBUG Engine               - configClass: Optional.empty
04:30:19.386 [FXGL Background Thread 3 ] DEBUG Engine               - credits: []
04:30:19.387 [FXGL Background Thread 3 ] DEBUG Engine               - devBBoxColorProperty: ObjectProperty [value: 0xff0000ff]
04:30:19.388 [FXGL Background Thread 3 ] DEBUG Engine               - devEnableDebugCameraProperty: BooleanProperty [value: false]
04:30:19.388 [FXGL Background Thread 3 ] DEBUG Engine               - devSensorColorProperty: ObjectProperty [value: 0xffff00ff]
04:30:19.389 [FXGL Background Thread 3 ] DEBUG Engine               - devShowBBoxProperty: BooleanProperty [value: false]
04:30:19.389 [FXGL Background Thread 3 ] DEBUG Engine               - devShowPositionProperty: BooleanProperty [value: false]
04:30:19.389 [FXGL Background Thread 3 ] DEBUG Engine               - enabledMenuItems: []
04:30:19.390 [FXGL Background Thread 3 ] DEBUG Engine               - engineServices: [class com.almasb.fxgl.app.FXGLApplication$GameApplicationService, class com.almasb.fxgl.app.services.FXGLDialogService, class com.almasb.fxgl.app.services.IOTaskExecutorService, class com.almasb.fxgl.event.EventBusService, class com.almasb.fxgl.io.FileSystemService, class com.almasb.fxgl.localization.LocalizationService, class com.almasb.fxgl.app.services.FXGLAssetLoaderService, class com.almasb.fxgl.app.services.SystemBundleService, class com.almasb.fxgl.profile.SaveLoadService, class com.almasb.fxgl.ui.FXGLUIFactoryServiceProvider, class com.almasb.fxgl.ui.FXGLDialogFactoryServiceProvider, class com.almasb.fxgl.audio.AudioPlayer, class com.almasb.fxgl.notification.impl.NotificationServiceProvider, class com.almasb.fxgl.achievement.AchievementService, class com.almasb.fxgl.cutscene.CutsceneService, class com.almasb.fxgl.minigames.MiniGameService, class com.almasb.fxgl.net.NetService, class com.almasb.fxgl.app.services.UpdaterService, class com.almasb.fxgl.dev.DevService]
04:30:19.391 [FXGL Background Thread 3 ] DEBUG Engine               - fontGame: Abel-Regular.ttf
04:30:19.392 [FXGL Background Thread 3 ] DEBUG Engine               - fontMono: lucida_console.ttf
04:30:19.392 [FXGL Background Thread 3 ] DEBUG Engine               - fontText: Courier-Prime.ttf
04:30:19.392 [FXGL Background Thread 3 ] DEBUG Engine               - fontUI: pong.ttf
04:30:19.393 [FXGL Background Thread 3 ] DEBUG Engine               - fullScreen: BooleanProperty [value: false]
04:30:19.393 [FXGL Background Thread 3 ] DEBUG Engine               - gameDifficulty: MEDIUM
04:30:19.394 [FXGL Background Thread 3 ] DEBUG Engine               - gameDifficultyProperty: ObjectProperty [value: MEDIUM]
04:30:19.394 [FXGL Background Thread 3 ] DEBUG Engine               - globalMusicVolume: 0.5
04:30:19.395 [FXGL Background Thread 3 ] DEBUG Engine               - globalMusicVolumeProperty: DoubleProperty [value: 0.5]
04:30:19.395 [FXGL Background Thread 3 ] DEBUG Engine               - globalSoundVolume: 0.5
04:30:19.395 [FXGL Background Thread 3 ] DEBUG Engine               - globalSoundVolumeProperty: DoubleProperty [value: 0.5]
04:30:19.396 [FXGL Background Thread 3 ] DEBUG Engine               - height: 600
04:30:19.397 [FXGL Background Thread 3 ] DEBUG Engine               - isAndroid: false
04:30:19.397 [FXGL Background Thread 3 ] DEBUG Engine               - isBrowser: false
04:30:19.398 [FXGL Background Thread 3 ] DEBUG Engine               - isClickFeedbackEnabled: false
04:30:19.398 [FXGL Background Thread 3 ] DEBUG Engine               - isCloseConfirmation: false
04:30:19.398 [FXGL Background Thread 3 ] DEBUG Engine               - isDesktop: true
04:30:19.399 [FXGL Background Thread 3 ] DEBUG Engine               - isDeveloperMenuEnabled: false
04:30:19.399 [FXGL Background Thread 3 ] DEBUG Engine               - isEntityPreloadEnabled: true
04:30:19.399 [FXGL Background Thread 3 ] DEBUG Engine               - isExperimentalNative: false
04:30:19.400 [FXGL Background Thread 3 ] DEBUG Engine               - isExperimentalTiledLargeMap: false
04:30:19.400 [FXGL Background Thread 3 ] DEBUG Engine               - isFileSystemWriteAllowed: true
04:30:19.400 [FXGL Background Thread 3 ] DEBUG Engine               - isFullScreenAllowed: false
04:30:19.401 [FXGL Background Thread 3 ] DEBUG Engine               - isFullScreenFromStart: false
04:30:19.401 [FXGL Background Thread 3 ] DEBUG Engine               - isGameMenuEnabled: true
04:30:19.402 [FXGL Background Thread 3 ] DEBUG Engine               - isIOS: false
04:30:19.402 [FXGL Background Thread 3 ] DEBUG Engine               - isIntroEnabled: false
04:30:19.403 [FXGL Background Thread 3 ] DEBUG Engine               - isLinux: false
04:30:19.403 [FXGL Background Thread 3 ] DEBUG Engine               - isMac: false
04:30:19.404 [FXGL Background Thread 3 ] DEBUG Engine               - isMainMenuEnabled: false
04:30:19.404 [FXGL Background Thread 3 ] DEBUG Engine               - isManualResizeEnabled: false
04:30:19.405 [FXGL Background Thread 3 ] DEBUG Engine               - isMobile: false
04:30:19.405 [FXGL Background Thread 3 ] DEBUG Engine               - isPreserveResizeRatio: false
04:30:19.405 [FXGL Background Thread 3 ] DEBUG Engine               - isProfilingEnabled: false
04:30:19.406 [FXGL Background Thread 3 ] DEBUG Engine               - isSingleStep: false
04:30:19.406 [FXGL Background Thread 3 ] DEBUG Engine               - isUserProfileEnabled: false
04:30:19.407 [FXGL Background Thread 3 ] DEBUG Engine               - isWindows: true
04:30:19.408 [FXGL Background Thread 3 ] DEBUG Engine               - language: ObjectProperty [value: ENGLISH]
04:30:19.408 [FXGL Background Thread 3 ] DEBUG Engine               - menuKey: ESCAPE
04:30:19.409 [FXGL Background Thread 3 ] DEBUG Engine               - notificationViewClass: class com.almasb.fxgl.notification.view.XboxNotificationView
04:30:19.409 [FXGL Background Thread 3 ] DEBUG Engine               - pixelsPerMeter: 50.0
04:30:19.409 [FXGL Background Thread 3 ] DEBUG Engine               - platform: WINDOWS
04:30:19.410 [FXGL Background Thread 3 ] DEBUG Engine               - profileDir: profiles/
04:30:19.410 [FXGL Background Thread 3 ] DEBUG Engine               - profileName: StringProperty [value: DEFAULT]
04:30:19.411 [FXGL Background Thread 3 ] DEBUG Engine               - randomSeed: -1
04:30:19.411 [FXGL Background Thread 3 ] DEBUG Engine               - runtimeInfo: RuntimeInfo(platform=WINDOWS, version=11.11, build=08.09.2020 18.00)
04:30:19.412 [FXGL Background Thread 3 ] DEBUG Engine               - saveFileExt: sav
04:30:19.412 [FXGL Background Thread 3 ] DEBUG Engine               - sceneFactory: com.almasb.fxgl.app.scene.SceneFactory@453718a4
04:30:19.412 [FXGL Background Thread 3 ] DEBUG Engine               - secondsIn24h: 60
04:30:19.412 [FXGL Background Thread 3 ] DEBUG Engine               - soundMenuBack: menu/back.wav
04:30:19.413 [FXGL Background Thread 3 ] DEBUG Engine               - soundMenuPress: menu/press.wav
04:30:19.413 [FXGL Background Thread 3 ] DEBUG Engine               - soundMenuSelect: menu/select.wav
04:30:19.413 [FXGL Background Thread 3 ] DEBUG Engine               - soundNotification: core/notification.wav
04:30:19.414 [FXGL Background Thread 3 ] DEBUG Engine               - stageStyle: DECORATED
04:30:19.414 [FXGL Background Thread 3 ] DEBUG Engine               - supportedLanguages: [ENGLISH, FRENCH, GERMAN, HUNGARIAN, RUSSIAN]
04:30:19.415 [FXGL Background Thread 3 ] DEBUG Engine               - title: Pong
04:30:19.415 [FXGL Background Thread 3 ] DEBUG Engine               - urlGithub: https://github.com/AlmasB/FXGL
04:30:19.416 [FXGL Background Thread 3 ] DEBUG Engine               - urlLeaderboard: http://fxgl-top.herokuapp.com/
04:30:19.416 [FXGL Background Thread 3 ] DEBUG Engine               - urlPOM: https://raw.githubusercontent.com/AlmasB/FXGL/master/pom.xml
04:30:19.417 [FXGL Background Thread 3 ] DEBUG Engine               - version: 1.0
04:30:19.417 [FXGL Background Thread 3 ] DEBUG Engine               - versionCheckDays: 7
04:30:19.417 [FXGL Background Thread 3 ] DEBUG Engine               - width: 800
04:30:19.418 [FXGL Background Thread 3 ] DEBUG Engine               - Logging services
04:30:19.418 [FXGL Background Thread 3 ] DEBUG Engine               - class com.almasb.fxgl.app.FXGLApplication$GameApplicationService
04:30:19.418 [FXGL Background Thread 3 ] DEBUG Engine               - class com.almasb.fxgl.app.services.FXGLDialogService
04:30:19.419 [FXGL Background Thread 3 ] DEBUG Engine               - class com.almasb.fxgl.app.services.IOTaskExecutorService
04:30:19.419 [FXGL Background Thread 3 ] DEBUG Engine               - class com.almasb.fxgl.event.EventBusService
04:30:19.419 [FXGL Background Thread 3 ] DEBUG Engine               - class com.almasb.fxgl.io.FileSystemService
04:30:19.419 [FXGL Background Thread 3 ] DEBUG Engine               - class com.almasb.fxgl.localization.LocalizationService
04:30:19.420 [FXGL Background Thread 3 ] DEBUG Engine               - class com.almasb.fxgl.app.services.FXGLAssetLoaderService
04:30:19.420 [FXGL Background Thread 3 ] DEBUG Engine               - class com.almasb.fxgl.app.services.SystemBundleService
04:30:19.420 [FXGL Background Thread 3 ] DEBUG Engine               - class com.almasb.fxgl.profile.SaveLoadService
04:30:19.421 [FXGL Background Thread 3 ] DEBUG Engine               - class com.almasb.fxgl.ui.FXGLUIFactoryServiceProvider
04:30:19.422 [FXGL Background Thread 3 ] DEBUG Engine               - class com.almasb.fxgl.ui.FXGLDialogFactoryServiceProvider
04:30:19.422 [FXGL Background Thread 3 ] DEBUG Engine               - class com.almasb.fxgl.audio.AudioPlayer
04:30:19.422 [FXGL Background Thread 3 ] DEBUG Engine               - class com.almasb.fxgl.notification.impl.NotificationServiceProvider
04:30:19.423 [FXGL Background Thread 3 ] DEBUG Engine               - class com.almasb.fxgl.achievement.AchievementService
04:30:19.423 [FXGL Background Thread 3 ] DEBUG Engine               - class com.almasb.fxgl.cutscene.CutsceneService
04:30:19.424 [FXGL Background Thread 3 ] DEBUG Engine               - class com.almasb.fxgl.minigames.MiniGameService
04:30:19.424 [FXGL Background Thread 3 ] DEBUG Engine               - class com.almasb.fxgl.net.NetService
04:30:19.425 [FXGL Background Thread 3 ] DEBUG Engine               - class com.almasb.fxgl.app.services.UpdaterService
04:30:19.425 [FXGL Background Thread 3 ] DEBUG Engine               - class com.almasb.fxgl.dev.DevService
04:31:23.087 [JavaFX Application Thread] DEBUG FXGLApplication      - Exiting FXGL
04:31:23.088 [JavaFX Application Thread] DEBUG LoopRunner           - Stopping loop
04:31:23.088 [JavaFX Application Thread] DEBUG SystemBundleService  - Saving FXGL system data
04:31:23.090 [JavaFX Application Thread] DEBUG FileSystemAccess     - Writing to: C:\Users\Mark\Desktop\Pong CW\CI628-PongServer-master\system\fxgl.bundle
04:31:23.092 [JavaFX Application Thread] DEBUG Async                - Shutting down background threads
04:31:23.092 [JavaFX Application Thread] DEBUG MainWindow           - Closing main window
04:31:23.108 [JavaFX Application Thread] DEBUG Logger               - Closing Logger
