08:29:03.772 [main                     ] DEBUG Logger               - Configured Logger
08:29:03.779 [main                     ] DEBUG GameApplication      - Logging settings
Title: Pong
Version: 1.0
Width: 800
Height: 600
Fullscreen: false
Intro: false
Profiling: false
Single step:false
App Mode: DEBUG
Menu Key: ESCAPE
Stage Style: DECORATED
Scene Factory: class com.almasb.fxgl.app.scene.SceneFactory

08:29:04.065 [JavaFX Application Thread] DEBUG FXGLApplication      - Initializing FXGL
08:29:04.071 [JavaFX Application Thread] INFO  Engine               - FXGL-11.11 (08.09.2020 18.00) on WINDOWS (J:17.0.5 FX:14)
08:29:04.071 [JavaFX Application Thread] DEBUG Engine               - JRE Vendor Name: Eclipse Adoptium
08:29:04.072 [JavaFX Application Thread] DEBUG Engine               - Running on OS: Windows 10 version 10.0
08:29:04.072 [JavaFX Application Thread] DEBUG Engine               - Architecture: amd64
08:29:04.072 [JavaFX Application Thread] INFO  Engine               - Source code and latest versions at: https://github.com/AlmasB/FXGL
08:29:04.073 [JavaFX Application Thread] INFO  Engine               -              Join the FXGL chat at: https://gitter.im/AlmasB/FXGL
08:29:04.146 [JavaFX Application Thread] DEBUG MainWindow           - Creating a JavaFX scene
08:29:04.188 [JavaFX Application Thread] DEBUG MainWindow           - Target settings size: 800.0 x 600.0
08:29:04.189 [JavaFX Application Thread] DEBUG MainWindow           - Scaled scene size:    800.0 x 600.0
08:29:04.190 [JavaFX Application Thread] DEBUG MainWindow           - Scaled ratio: (1.0, 1.0)
08:29:04.191 [JavaFX Application Thread] DEBUG MainWindow           - Set initial scene to StartupScene
08:29:04.197 [JavaFX Application Thread] DEBUG MainWindow           - Opening main window
08:29:04.280 [JavaFX Application Thread] DEBUG MainWindow           - Window border size: (14.4000244140625, 37.5999755859375)
08:29:04.282 [JavaFX Application Thread] DEBUG MainWindow           - Scaled size: 800.0 x 600.0
08:29:04.283 [JavaFX Application Thread] DEBUG MainWindow           - Scaled ratio: (1.0, 1.0)
08:29:04.283 [JavaFX Application Thread] DEBUG MainWindow           - Scene size: 800.0 x 600.0
08:29:04.284 [JavaFX Application Thread] DEBUG MainWindow           - Stage size: 814.4000244140625 x 637.5999755859375
08:29:04.292 [FXGL Background Thread 1 ] DEBUG Engine               - Initializing environment variables
08:29:04.336 [FXGL Background Thread 1 ] DEBUG GameApplicationServi - Applying CSS: fxgl_dark.css
08:29:04.338 [FXGL Background Thread 1 ] DEBUG FXGLAssetLoaderServi - Loading from file system: /assets/ui/css/fxgl_dark.css
08:29:04.416 [FXGL Background Thread 1 ] DEBUG GameApplicationServi - Initializing application scenes
08:29:04.476 [FXGL Background Thread 1 ] DEBUG GameWorld            - Game world initialized
08:29:04.570 [FXGL Background Thread 1 ] DEBUG PhysicsWorld         - Physics world initialized: appHeight=600, physics.ppm=50.0
08:29:04.573 [FXGL Background Thread 1 ] DEBUG GameScene            - Game scene initialized: 800x600
08:29:04.606 [FXGL Background Thread 1 ] DEBUG FXGLAssetLoaderServi - Loading from file system: /assets/textures/particles/trace_horizontal.png
08:29:04.667 [FXGL Background Thread 1 ] DEBUG FXGL.DefaultMenu     - createMenuBodyGameMenu()
08:29:04.686 [FXGL Background Thread 1 ] DEBUG FXGL.DefaultMenu     - createOptionsMenu()
08:29:04.694 [FXGL Background Thread 1 ] DEBUG FXGLAssetLoaderServi - Loading from file system: /assets/textures/particles/smoke.png
08:29:04.763 [FXGL Background Thread 1 ] DEBUG GameApplicationServi - Application scenes initialized
08:29:04.778 [FXGL Background Thread 1 ] DEBUG SystemBundleService  - Loading FXGL system data
08:29:04.787 [FXGL Background Thread 1 ] DEBUG FileSystemAccess     - Reading from: C:\Users\Mark\Desktop\Pong CW\CI628-PongServer-master\system\fxgl.bundle
08:29:04.800 [FXGL Background Thread 1 ] DEBUG SystemBundleService  - Bundle FXGL: {}
08:29:04.801 [FXGL Background Thread 1 ] DEBUG UpdaterService       - Checking for updates
08:29:04.806 [FXGL Background Thread 4 ] DEBUG FXGLApplication      - Loading fonts
08:29:04.807 [FXGL Background Thread 4 ] DEBUG FXGLAssetLoaderServi - Loading from file system: /assets/ui/fonts/pong.ttf
08:29:04.807 [FXGL Background Thread 1 ] DEBUG FXGLApplication      - Loading default localization
08:29:04.808 [FXGL Background Thread 1 ] DEBUG FXGLAssetLoaderServi - Loading from file system: /assets/languages/english.lang
08:29:04.829 [FXGL Background Thread 1 ] INFO  FXGLApplication      - FXGL initialization took: 0.537 sec
08:29:04.840 [JavaFX Application Thread] DEBUG Input                - Registered new binding: Up1 - A
08:29:04.841 [JavaFX Application Thread] DEBUG Input                - Registered new binding: Down1 - D
08:29:04.842 [JavaFX Application Thread] DEBUG Input                - Registered new binding: Up2 - H
08:29:04.843 [JavaFX Application Thread] DEBUG Input                - Registered new binding: Down2 - K
08:29:04.844 [JavaFX Application Thread] DEBUG Input                - Registered new binding: Jump1 - W
08:29:04.845 [JavaFX Application Thread] DEBUG Input                - Registered new binding: Jump2 - U
08:29:04.845 [JavaFX Application Thread] DEBUG FXGLAssetLoaderServi - Loading from file system: /assets/textures/fxgl_icon.png
08:29:04.870 [JavaFX Application Thread] DEBUG FXGLAssetLoaderServi - Loading from file system: /assets/ui/cursors/fxgl_default.png
08:29:04.873 [JavaFX Application Thread] DEBUG Input                - Registered new binding: Screenshot - P
08:29:04.874 [JavaFX Application Thread] DEBUG Input                - Registered new binding: System info dump - CTRL+9
08:29:04.875 [JavaFX Application Thread] DEBUG Input                - Registered new binding: Restart - CTRL+R
08:29:04.877 [JavaFX Application Thread] DEBUG Input                - Registered new binding: Toggle Debug Camera - CTRL+C
08:29:04.880 [JavaFX Application Thread] DEBUG LoopRunner           - Starting loop
08:29:04.882 [JavaFX Application Thread] DEBUG GameApplicationServi - Starting new game
08:29:04.884 [JavaFX Application Thread] DEBUG Input                - Clearing active input actions
08:29:04.903 [JavaFX Application Thread] DEBUG GameApplicationServi - Removing overlay from StartupScene and adding to FXGLLoadingScene
08:29:04.904 [JavaFX Application Thread] DEBUG MainWindow           - StartupScene -> FXGLLoadingScene
08:29:04.905 [JavaFX Application Thread] DEBUG GameApplicationServi - Clearing previous game
08:29:04.906 [JavaFX Application Thread] DEBUG GameScene            - Clearing game scene
08:29:04.906 [JavaFX Application Thread] DEBUG GameWorld            - Clearing game world
08:29:04.907 [JavaFX Application Thread] DEBUG PhysicsWorld         - Clearing physics world
08:29:04.908 [FXGL Background Thread 1 ] DEBUG FXGLApplication      - Initializing game
08:29:04.938 [FXGL Background Thread 4 ] DEBUG FXGLAssetLoaderServi - Loading from file system: /assets/ui/fonts/Abel-Regular.ttf
08:29:04.945 [FXGL Background Thread 4 ] DEBUG FXGLAssetLoaderServi - Loading from file system: /assets/ui/fonts/lucida_console.ttf
08:29:04.955 [FXGL Background Thread 4 ] DEBUG FXGLAssetLoaderServi - Loading from file system: /assets/ui/fonts/Courier-Prime.ttf
08:29:04.963 [JavaFX Application Thread] DEBUG FXGLApplication      - Registering font factories with UI factory
08:29:04.971 [FXGL Background Thread 1 ] DEBUG FXGLAssetLoaderServi - Loading from file system: /assets/ui/main.fxml
08:29:04.974 [Thread-4                 ] DEBUG TCPServer            - Starting to listen at: 55555 type: class java.lang.String
08:29:05.050 [FXGL Background Thread 1 ] INFO  FXGLApplication      - Game initialization took: 0.141 sec
08:29:05.060 [JavaFX Application Thread] DEBUG Input                - Clearing active input actions
08:29:05.088 [JavaFX Application Thread] DEBUG GameApplicationServi - Removing overlay from FXGLLoadingScene and adding to GameScene
08:29:05.089 [JavaFX Application Thread] DEBUG MainWindow           - FXGLLoadingScene -> GameScene
08:29:05.738 [FXGL Background Thread 2 ] INFO  UpdaterService       - Your current version:  11.11
08:29:05.739 [FXGL Background Thread 2 ] INFO  UpdaterService       - Latest stable version: 17+dev-SNAPSHOT
08:29:07.806 [FXGL Background Thread 3 ] DEBUG Engine               - Logging environment variables
08:29:07.807 [FXGL Background Thread 3 ] DEBUG Engine               - achievements: []
08:29:07.808 [FXGL Background Thread 3 ] DEBUG Engine               - appIcon: fxgl_icon.png
08:29:07.809 [FXGL Background Thread 3 ] DEBUG Engine               - applicationMode: DEBUG
08:29:07.809 [FXGL Background Thread 3 ] DEBUG Engine               - cSSList: [fxgl_dark.css]
08:29:07.810 [FXGL Background Thread 3 ] DEBUG Engine               - configClass: Optional.empty
08:29:07.810 [FXGL Background Thread 3 ] DEBUG Engine               - credits: []
08:29:07.810 [FXGL Background Thread 3 ] DEBUG Engine               - devBBoxColorProperty: ObjectProperty [value: 0xff0000ff]
08:29:07.811 [FXGL Background Thread 3 ] DEBUG Engine               - devEnableDebugCameraProperty: BooleanProperty [value: false]
08:29:07.811 [FXGL Background Thread 3 ] DEBUG Engine               - devSensorColorProperty: ObjectProperty [value: 0xffff00ff]
08:29:07.812 [FXGL Background Thread 3 ] DEBUG Engine               - devShowBBoxProperty: BooleanProperty [value: false]
08:29:07.812 [FXGL Background Thread 3 ] DEBUG Engine               - devShowPositionProperty: BooleanProperty [value: false]
08:29:07.813 [FXGL Background Thread 3 ] DEBUG Engine               - enabledMenuItems: []
08:29:07.814 [FXGL Background Thread 3 ] DEBUG Engine               - engineServices: [class com.almasb.fxgl.app.FXGLApplication$GameApplicationService, class com.almasb.fxgl.app.services.FXGLDialogService, class com.almasb.fxgl.app.services.IOTaskExecutorService, class com.almasb.fxgl.event.EventBusService, class com.almasb.fxgl.io.FileSystemService, class com.almasb.fxgl.localization.LocalizationService, class com.almasb.fxgl.app.services.FXGLAssetLoaderService, class com.almasb.fxgl.app.services.SystemBundleService, class com.almasb.fxgl.profile.SaveLoadService, class com.almasb.fxgl.ui.FXGLUIFactoryServiceProvider, class com.almasb.fxgl.ui.FXGLDialogFactoryServiceProvider, class com.almasb.fxgl.audio.AudioPlayer, class com.almasb.fxgl.notification.impl.NotificationServiceProvider, class com.almasb.fxgl.achievement.AchievementService, class com.almasb.fxgl.cutscene.CutsceneService, class com.almasb.fxgl.minigames.MiniGameService, class com.almasb.fxgl.net.NetService, class com.almasb.fxgl.app.services.UpdaterService, class com.almasb.fxgl.dev.DevService]
08:29:07.818 [FXGL Background Thread 3 ] DEBUG Engine               - fontGame: Abel-Regular.ttf
08:29:07.819 [FXGL Background Thread 3 ] DEBUG Engine               - fontMono: lucida_console.ttf
08:29:07.820 [FXGL Background Thread 3 ] DEBUG Engine               - fontText: Courier-Prime.ttf
08:29:07.820 [FXGL Background Thread 3 ] DEBUG Engine               - fontUI: pong.ttf
08:29:07.822 [FXGL Background Thread 3 ] DEBUG Engine               - fullScreen: BooleanProperty [value: false]
08:29:07.823 [FXGL Background Thread 3 ] DEBUG Engine               - gameDifficulty: MEDIUM
08:29:07.824 [FXGL Background Thread 3 ] DEBUG Engine               - gameDifficultyProperty: ObjectProperty [value: MEDIUM]
08:29:07.825 [FXGL Background Thread 3 ] DEBUG Engine               - globalMusicVolume: 0.5
08:29:07.826 [FXGL Background Thread 3 ] DEBUG Engine               - globalMusicVolumeProperty: DoubleProperty [value: 0.5]
08:29:07.826 [FXGL Background Thread 3 ] DEBUG Engine               - globalSoundVolume: 0.5
08:29:07.827 [FXGL Background Thread 3 ] DEBUG Engine               - globalSoundVolumeProperty: DoubleProperty [value: 0.5]
08:29:07.828 [FXGL Background Thread 3 ] DEBUG Engine               - height: 600
08:29:07.829 [FXGL Background Thread 3 ] DEBUG Engine               - isAndroid: false
08:29:07.829 [FXGL Background Thread 3 ] DEBUG Engine               - isBrowser: false
08:29:07.830 [FXGL Background Thread 3 ] DEBUG Engine               - isClickFeedbackEnabled: false
08:29:07.830 [FXGL Background Thread 3 ] DEBUG Engine               - isCloseConfirmation: false
08:29:07.831 [FXGL Background Thread 3 ] DEBUG Engine               - isDesktop: true
08:29:07.831 [FXGL Background Thread 3 ] DEBUG Engine               - isDeveloperMenuEnabled: false
08:29:07.832 [FXGL Background Thread 3 ] DEBUG Engine               - isEntityPreloadEnabled: true
08:29:07.832 [FXGL Background Thread 3 ] DEBUG Engine               - isExperimentalNative: false
08:29:07.832 [FXGL Background Thread 3 ] DEBUG Engine               - isExperimentalTiledLargeMap: false
08:29:07.833 [FXGL Background Thread 3 ] DEBUG Engine               - isFileSystemWriteAllowed: true
08:29:07.834 [FXGL Background Thread 3 ] DEBUG Engine               - isFullScreenAllowed: false
08:29:07.834 [FXGL Background Thread 3 ] DEBUG Engine               - isFullScreenFromStart: false
08:29:07.835 [FXGL Background Thread 3 ] DEBUG Engine               - isGameMenuEnabled: true
08:29:07.836 [FXGL Background Thread 3 ] DEBUG Engine               - isIOS: false
08:29:07.836 [FXGL Background Thread 3 ] DEBUG Engine               - isIntroEnabled: false
08:29:07.837 [FXGL Background Thread 3 ] DEBUG Engine               - isLinux: false
08:29:07.837 [FXGL Background Thread 3 ] DEBUG Engine               - isMac: false
08:29:07.838 [FXGL Background Thread 3 ] DEBUG Engine               - isMainMenuEnabled: false
08:29:07.838 [FXGL Background Thread 3 ] DEBUG Engine               - isManualResizeEnabled: false
08:29:07.839 [FXGL Background Thread 3 ] DEBUG Engine               - isMobile: false
08:29:07.839 [FXGL Background Thread 3 ] DEBUG Engine               - isPreserveResizeRatio: false
08:29:07.839 [FXGL Background Thread 3 ] DEBUG Engine               - isProfilingEnabled: false
08:29:07.840 [FXGL Background Thread 3 ] DEBUG Engine               - isSingleStep: false
08:29:07.840 [FXGL Background Thread 3 ] DEBUG Engine               - isUserProfileEnabled: false
08:29:07.841 [FXGL Background Thread 3 ] DEBUG Engine               - isWindows: true
08:29:07.842 [FXGL Background Thread 3 ] DEBUG Engine               - language: ObjectProperty [value: ENGLISH]
08:29:07.843 [FXGL Background Thread 3 ] DEBUG Engine               - menuKey: ESCAPE
08:29:07.844 [FXGL Background Thread 3 ] DEBUG Engine               - notificationViewClass: class com.almasb.fxgl.notification.view.XboxNotificationView
08:29:07.845 [FXGL Background Thread 3 ] DEBUG Engine               - pixelsPerMeter: 50.0
08:29:07.845 [FXGL Background Thread 3 ] DEBUG Engine               - platform: WINDOWS
08:29:07.845 [FXGL Background Thread 3 ] DEBUG Engine               - profileDir: profiles/
08:29:07.846 [FXGL Background Thread 3 ] DEBUG Engine               - profileName: StringProperty [value: DEFAULT]
08:29:07.846 [FXGL Background Thread 3 ] DEBUG Engine               - randomSeed: -1
08:29:07.847 [FXGL Background Thread 3 ] DEBUG Engine               - runtimeInfo: RuntimeInfo(platform=WINDOWS, version=11.11, build=08.09.2020 18.00)
08:29:07.847 [FXGL Background Thread 3 ] DEBUG Engine               - saveFileExt: sav
08:29:07.848 [FXGL Background Thread 3 ] DEBUG Engine               - sceneFactory: com.almasb.fxgl.app.scene.SceneFactory@134d6549
08:29:07.849 [FXGL Background Thread 3 ] DEBUG Engine               - secondsIn24h: 60
08:29:07.850 [FXGL Background Thread 3 ] DEBUG Engine               - soundMenuBack: menu/back.wav
08:29:07.851 [FXGL Background Thread 3 ] DEBUG Engine               - soundMenuPress: menu/press.wav
08:29:07.851 [FXGL Background Thread 3 ] DEBUG Engine               - soundMenuSelect: menu/select.wav
08:29:07.852 [FXGL Background Thread 3 ] DEBUG Engine               - soundNotification: core/notification.wav
08:29:07.852 [FXGL Background Thread 3 ] DEBUG Engine               - stageStyle: DECORATED
08:29:07.853 [FXGL Background Thread 3 ] DEBUG Engine               - supportedLanguages: [ENGLISH, FRENCH, GERMAN, HUNGARIAN, RUSSIAN]
08:29:07.853 [FXGL Background Thread 3 ] DEBUG Engine               - title: Pong
08:29:07.854 [FXGL Background Thread 3 ] DEBUG Engine               - urlGithub: https://github.com/AlmasB/FXGL
08:29:07.854 [FXGL Background Thread 3 ] DEBUG Engine               - urlLeaderboard: http://fxgl-top.herokuapp.com/
08:29:07.855 [FXGL Background Thread 3 ] DEBUG Engine               - urlPOM: https://raw.githubusercontent.com/AlmasB/FXGL/master/pom.xml
08:29:07.856 [FXGL Background Thread 3 ] DEBUG Engine               - version: 1.0
08:29:07.857 [FXGL Background Thread 3 ] DEBUG Engine               - versionCheckDays: 7
08:29:07.858 [FXGL Background Thread 3 ] DEBUG Engine               - width: 800
08:29:07.858 [FXGL Background Thread 3 ] DEBUG Engine               - Logging services
08:29:07.859 [FXGL Background Thread 3 ] DEBUG Engine               - class com.almasb.fxgl.app.FXGLApplication$GameApplicationService
08:29:07.860 [FXGL Background Thread 3 ] DEBUG Engine               - class com.almasb.fxgl.app.services.FXGLDialogService
08:29:07.860 [FXGL Background Thread 3 ] DEBUG Engine               - class com.almasb.fxgl.app.services.IOTaskExecutorService
08:29:07.861 [FXGL Background Thread 3 ] DEBUG Engine               - class com.almasb.fxgl.event.EventBusService
08:29:07.861 [FXGL Background Thread 3 ] DEBUG Engine               - class com.almasb.fxgl.io.FileSystemService
08:29:07.862 [FXGL Background Thread 3 ] DEBUG Engine               - class com.almasb.fxgl.localization.LocalizationService
08:29:07.863 [FXGL Background Thread 3 ] DEBUG Engine               - class com.almasb.fxgl.app.services.FXGLAssetLoaderService
08:29:07.863 [FXGL Background Thread 3 ] DEBUG Engine               - class com.almasb.fxgl.app.services.SystemBundleService
08:29:07.864 [FXGL Background Thread 3 ] DEBUG Engine               - class com.almasb.fxgl.profile.SaveLoadService
08:29:07.865 [FXGL Background Thread 3 ] DEBUG Engine               - class com.almasb.fxgl.ui.FXGLUIFactoryServiceProvider
08:29:07.866 [FXGL Background Thread 3 ] DEBUG Engine               - class com.almasb.fxgl.ui.FXGLDialogFactoryServiceProvider
08:29:07.866 [FXGL Background Thread 3 ] DEBUG Engine               - class com.almasb.fxgl.audio.AudioPlayer
08:29:07.867 [FXGL Background Thread 3 ] DEBUG Engine               - class com.almasb.fxgl.notification.impl.NotificationServiceProvider
08:29:07.867 [FXGL Background Thread 3 ] DEBUG Engine               - class com.almasb.fxgl.achievement.AchievementService
08:29:07.867 [FXGL Background Thread 3 ] DEBUG Engine               - class com.almasb.fxgl.cutscene.CutsceneService
08:29:07.868 [FXGL Background Thread 3 ] DEBUG Engine               - class com.almasb.fxgl.minigames.MiniGameService
08:29:07.869 [FXGL Background Thread 3 ] DEBUG Engine               - class com.almasb.fxgl.net.NetService
08:29:07.870 [FXGL Background Thread 3 ] DEBUG Engine               - class com.almasb.fxgl.app.services.UpdaterService
08:29:07.870 [FXGL Background Thread 3 ] DEBUG Engine               - class com.almasb.fxgl.dev.DevService
08:29:31.929 [JavaFX Application Thread] DEBUG FXGLApplication      - Exiting FXGL
08:29:31.929 [JavaFX Application Thread] DEBUG LoopRunner           - Stopping loop
08:29:31.930 [JavaFX Application Thread] DEBUG SystemBundleService  - Saving FXGL system data
08:29:31.932 [JavaFX Application Thread] DEBUG FileSystemAccess     - Writing to: C:\Users\Mark\Desktop\Pong CW\CI628-PongServer-master\system\fxgl.bundle
08:29:31.935 [JavaFX Application Thread] DEBUG Async                - Shutting down background threads
08:29:31.935 [JavaFX Application Thread] DEBUG MainWindow           - Closing main window
08:29:31.951 [JavaFX Application Thread] DEBUG Logger               - Closing Logger
