03:53:42.445 [main                     ] DEBUG Logger               - Configured Logger
03:53:42.451 [main                     ] DEBUG GameApplication      - Logging settings
Title: Pong
Version: 1.0
Width: 800
Height: 600
Fullscreen: false
Intro: false
Profiling: false
Single step:false
App Mode: DEBUG
Menu Key: ESCAPE
Stage Style: DECORATED
Scene Factory: class com.almasb.fxgl.app.scene.SceneFactory

03:53:42.737 [JavaFX Application Thread] DEBUG FXGLApplication      - Initializing FXGL
03:53:42.741 [JavaFX Application Thread] INFO  Engine               - FXGL-11.11 (08.09.2020 18.00) on WINDOWS (J:17.0.5 FX:14)
03:53:42.742 [JavaFX Application Thread] DEBUG Engine               - JRE Vendor Name: Eclipse Adoptium
03:53:42.742 [JavaFX Application Thread] DEBUG Engine               - Running on OS: Windows 10 version 10.0
03:53:42.742 [JavaFX Application Thread] DEBUG Engine               - Architecture: amd64
03:53:42.743 [JavaFX Application Thread] INFO  Engine               - Source code and latest versions at: https://github.com/AlmasB/FXGL
03:53:42.743 [JavaFX Application Thread] INFO  Engine               -              Join the FXGL chat at: https://gitter.im/AlmasB/FXGL
03:53:42.819 [JavaFX Application Thread] DEBUG MainWindow           - Creating a JavaFX scene
03:53:42.853 [JavaFX Application Thread] DEBUG MainWindow           - Target settings size: 800.0 x 600.0
03:53:42.854 [JavaFX Application Thread] DEBUG MainWindow           - Scaled scene size:    800.0 x 600.0
03:53:42.854 [JavaFX Application Thread] DEBUG MainWindow           - Scaled ratio: (1.0, 1.0)
03:53:42.855 [JavaFX Application Thread] DEBUG MainWindow           - Set initial scene to StartupScene
03:53:42.859 [JavaFX Application Thread] DEBUG MainWindow           - Opening main window
03:53:42.933 [JavaFX Application Thread] DEBUG MainWindow           - Window border size: (14.4000244140625, 37.5999755859375)
03:53:42.933 [JavaFX Application Thread] DEBUG MainWindow           - Scaled size: 800.0 x 600.0
03:53:42.933 [JavaFX Application Thread] DEBUG MainWindow           - Scaled ratio: (1.0, 1.0)
03:53:42.934 [JavaFX Application Thread] DEBUG MainWindow           - Scene size: 800.0 x 600.0
03:53:42.934 [JavaFX Application Thread] DEBUG MainWindow           - Stage size: 814.4000244140625 x 637.5999755859375
03:53:42.941 [FXGL Background Thread 1 ] DEBUG Engine               - Initializing environment variables
03:53:42.974 [FXGL Background Thread 1 ] DEBUG GameApplicationServi - Applying CSS: fxgl_dark.css
03:53:42.975 [FXGL Background Thread 1 ] DEBUG FXGLAssetLoaderServi - Loading from file system: /assets/ui/css/fxgl_dark.css
03:53:43.032 [FXGL Background Thread 1 ] DEBUG GameApplicationServi - Initializing application scenes
03:53:43.080 [FXGL Background Thread 1 ] DEBUG GameWorld            - Game world initialized
03:53:43.168 [FXGL Background Thread 1 ] DEBUG PhysicsWorld         - Physics world initialized: appHeight=600, physics.ppm=50.0
03:53:43.171 [FXGL Background Thread 1 ] DEBUG GameScene            - Game scene initialized: 800x600
03:53:43.213 [FXGL Background Thread 1 ] DEBUG FXGLAssetLoaderServi - Loading from file system: /assets/textures/particles/trace_horizontal.png
03:53:43.277 [FXGL Background Thread 1 ] DEBUG FXGL.DefaultMenu     - createMenuBodyGameMenu()
03:53:43.294 [FXGL Background Thread 1 ] DEBUG FXGL.DefaultMenu     - createOptionsMenu()
03:53:43.301 [FXGL Background Thread 1 ] DEBUG FXGLAssetLoaderServi - Loading from file system: /assets/textures/particles/smoke.png
03:53:43.360 [FXGL Background Thread 1 ] DEBUG GameApplicationServi - Application scenes initialized
03:53:43.370 [FXGL Background Thread 1 ] DEBUG SystemBundleService  - Loading FXGL system data
03:53:43.375 [FXGL Background Thread 1 ] DEBUG FileSystemAccess     - Reading from: C:\Users\Mark\Desktop\Pong CW\CI628-PongServer-master\system\fxgl.bundle
03:53:43.384 [FXGL Background Thread 1 ] DEBUG SystemBundleService  - Bundle FXGL: {}
03:53:43.385 [FXGL Background Thread 1 ] DEBUG UpdaterService       - Checking for updates
03:53:43.391 [FXGL Background Thread 4 ] DEBUG FXGLApplication      - Loading fonts
03:53:43.392 [FXGL Background Thread 4 ] DEBUG FXGLAssetLoaderServi - Loading from file system: /assets/ui/fonts/pong.ttf
03:53:43.392 [FXGL Background Thread 1 ] DEBUG FXGLApplication      - Loading default localization
03:53:43.392 [FXGL Background Thread 1 ] DEBUG FXGLAssetLoaderServi - Loading from file system: /assets/languages/english.lang
03:53:43.412 [FXGL Background Thread 1 ] INFO  FXGLApplication      - FXGL initialization took: 0.472 sec
03:53:43.423 [JavaFX Application Thread] DEBUG Input                - Registered new binding: Up1 - A
03:53:43.423 [JavaFX Application Thread] DEBUG Input                - Registered new binding: Down1 - D
03:53:43.424 [JavaFX Application Thread] DEBUG Input                - Registered new binding: Up2 - H
03:53:43.424 [JavaFX Application Thread] DEBUG Input                - Registered new binding: Down2 - K
03:53:43.425 [JavaFX Application Thread] DEBUG Input                - Registered new binding: Jump1 - W
03:53:43.425 [JavaFX Application Thread] DEBUG Input                - Registered new binding: Jump2 - U
03:53:43.426 [JavaFX Application Thread] DEBUG FXGLAssetLoaderServi - Loading from file system: /assets/textures/fxgl_icon.png
03:53:43.450 [JavaFX Application Thread] DEBUG FXGLAssetLoaderServi - Loading from file system: /assets/ui/cursors/fxgl_default.png
03:53:43.454 [JavaFX Application Thread] DEBUG Input                - Registered new binding: Screenshot - P
03:53:43.454 [JavaFX Application Thread] DEBUG Input                - Registered new binding: System info dump - CTRL+9
03:53:43.455 [JavaFX Application Thread] DEBUG Input                - Registered new binding: Restart - CTRL+R
03:53:43.457 [JavaFX Application Thread] DEBUG Input                - Registered new binding: Toggle Debug Camera - CTRL+C
03:53:43.460 [JavaFX Application Thread] DEBUG LoopRunner           - Starting loop
03:53:43.462 [JavaFX Application Thread] DEBUG GameApplicationServi - Starting new game
03:53:43.463 [JavaFX Application Thread] DEBUG Input                - Clearing active input actions
03:53:43.481 [JavaFX Application Thread] DEBUG GameApplicationServi - Removing overlay from StartupScene and adding to FXGLLoadingScene
03:53:43.482 [JavaFX Application Thread] DEBUG MainWindow           - StartupScene -> FXGLLoadingScene
03:53:43.482 [JavaFX Application Thread] DEBUG GameApplicationServi - Clearing previous game
03:53:43.483 [JavaFX Application Thread] DEBUG GameScene            - Clearing game scene
03:53:43.483 [JavaFX Application Thread] DEBUG GameWorld            - Clearing game world
03:53:43.484 [JavaFX Application Thread] DEBUG PhysicsWorld         - Clearing physics world
03:53:43.486 [FXGL Background Thread 1 ] DEBUG FXGLApplication      - Initializing game
03:53:43.514 [FXGL Background Thread 4 ] DEBUG FXGLAssetLoaderServi - Loading from file system: /assets/ui/fonts/Abel-Regular.ttf
03:53:43.522 [FXGL Background Thread 4 ] DEBUG FXGLAssetLoaderServi - Loading from file system: /assets/ui/fonts/lucida_console.ttf
03:53:43.532 [FXGL Background Thread 4 ] DEBUG FXGLAssetLoaderServi - Loading from file system: /assets/ui/fonts/Courier-Prime.ttf
03:53:43.544 [JavaFX Application Thread] DEBUG FXGLApplication      - Registering font factories with UI factory
03:53:43.551 [FXGL Background Thread 1 ] DEBUG FXGLAssetLoaderServi - Loading from file system: /assets/ui/main.fxml
03:53:43.553 [Thread-4                 ] DEBUG TCPServer            - Starting to listen at: 55555 type: class java.lang.String
03:53:43.635 [FXGL Background Thread 1 ] INFO  FXGLApplication      - Game initialization took: 0.148 sec
03:53:43.657 [JavaFX Application Thread] DEBUG Input                - Clearing active input actions
03:53:43.672 [JavaFX Application Thread] DEBUG GameApplicationServi - Removing overlay from FXGLLoadingScene and adding to GameScene
03:53:43.674 [JavaFX Application Thread] DEBUG MainWindow           - FXGLLoadingScene -> GameScene
03:53:44.245 [FXGL Background Thread 2 ] INFO  UpdaterService       - Your current version:  11.11
03:53:44.246 [FXGL Background Thread 2 ] INFO  UpdaterService       - Latest stable version: 17+dev-SNAPSHOT
03:53:46.391 [FXGL Background Thread 3 ] DEBUG Engine               - Logging environment variables
03:53:46.391 [FXGL Background Thread 3 ] DEBUG Engine               - achievements: []
03:53:46.392 [FXGL Background Thread 3 ] DEBUG Engine               - appIcon: fxgl_icon.png
03:53:46.392 [FXGL Background Thread 3 ] DEBUG Engine               - applicationMode: DEBUG
03:53:46.392 [FXGL Background Thread 3 ] DEBUG Engine               - cSSList: [fxgl_dark.css]
03:53:46.392 [FXGL Background Thread 3 ] DEBUG Engine               - configClass: Optional.empty
03:53:46.393 [FXGL Background Thread 3 ] DEBUG Engine               - credits: []
03:53:46.393 [FXGL Background Thread 3 ] DEBUG Engine               - devBBoxColorProperty: ObjectProperty [value: 0xff0000ff]
03:53:46.394 [FXGL Background Thread 3 ] DEBUG Engine               - devEnableDebugCameraProperty: BooleanProperty [value: false]
03:53:46.394 [FXGL Background Thread 3 ] DEBUG Engine               - devSensorColorProperty: ObjectProperty [value: 0xffff00ff]
03:53:46.395 [FXGL Background Thread 3 ] DEBUG Engine               - devShowBBoxProperty: BooleanProperty [value: false]
03:53:46.395 [FXGL Background Thread 3 ] DEBUG Engine               - devShowPositionProperty: BooleanProperty [value: false]
03:53:46.396 [FXGL Background Thread 3 ] DEBUG Engine               - enabledMenuItems: []
03:53:46.396 [FXGL Background Thread 3 ] DEBUG Engine               - engineServices: [class com.almasb.fxgl.app.FXGLApplication$GameApplicationService, class com.almasb.fxgl.app.services.FXGLDialogService, class com.almasb.fxgl.app.services.IOTaskExecutorService, class com.almasb.fxgl.event.EventBusService, class com.almasb.fxgl.io.FileSystemService, class com.almasb.fxgl.localization.LocalizationService, class com.almasb.fxgl.app.services.FXGLAssetLoaderService, class com.almasb.fxgl.app.services.SystemBundleService, class com.almasb.fxgl.profile.SaveLoadService, class com.almasb.fxgl.ui.FXGLUIFactoryServiceProvider, class com.almasb.fxgl.ui.FXGLDialogFactoryServiceProvider, class com.almasb.fxgl.audio.AudioPlayer, class com.almasb.fxgl.notification.impl.NotificationServiceProvider, class com.almasb.fxgl.achievement.AchievementService, class com.almasb.fxgl.cutscene.CutsceneService, class com.almasb.fxgl.minigames.MiniGameService, class com.almasb.fxgl.net.NetService, class com.almasb.fxgl.app.services.UpdaterService, class com.almasb.fxgl.dev.DevService]
03:53:46.397 [FXGL Background Thread 3 ] DEBUG Engine               - fontGame: Abel-Regular.ttf
03:53:46.397 [FXGL Background Thread 3 ] DEBUG Engine               - fontMono: lucida_console.ttf
03:53:46.397 [FXGL Background Thread 3 ] DEBUG Engine               - fontText: Courier-Prime.ttf
03:53:46.398 [FXGL Background Thread 3 ] DEBUG Engine               - fontUI: pong.ttf
03:53:46.398 [FXGL Background Thread 3 ] DEBUG Engine               - fullScreen: BooleanProperty [value: false]
03:53:46.398 [FXGL Background Thread 3 ] DEBUG Engine               - gameDifficulty: MEDIUM
03:53:46.398 [FXGL Background Thread 3 ] DEBUG Engine               - gameDifficultyProperty: ObjectProperty [value: MEDIUM]
03:53:46.399 [FXGL Background Thread 3 ] DEBUG Engine               - globalMusicVolume: 0.5
03:53:46.399 [FXGL Background Thread 3 ] DEBUG Engine               - globalMusicVolumeProperty: DoubleProperty [value: 0.5]
03:53:46.399 [FXGL Background Thread 3 ] DEBUG Engine               - globalSoundVolume: 0.5
03:53:46.400 [FXGL Background Thread 3 ] DEBUG Engine               - globalSoundVolumeProperty: DoubleProperty [value: 0.5]
03:53:46.400 [FXGL Background Thread 3 ] DEBUG Engine               - height: 600
03:53:46.400 [FXGL Background Thread 3 ] DEBUG Engine               - isAndroid: false
03:53:46.400 [FXGL Background Thread 3 ] DEBUG Engine               - isBrowser: false
03:53:46.401 [FXGL Background Thread 3 ] DEBUG Engine               - isClickFeedbackEnabled: false
03:53:46.401 [FXGL Background Thread 3 ] DEBUG Engine               - isCloseConfirmation: false
03:53:46.402 [FXGL Background Thread 3 ] DEBUG Engine               - isDesktop: true
03:53:46.402 [FXGL Background Thread 3 ] DEBUG Engine               - isDeveloperMenuEnabled: false
03:53:46.402 [FXGL Background Thread 3 ] DEBUG Engine               - isEntityPreloadEnabled: true
03:53:46.403 [FXGL Background Thread 3 ] DEBUG Engine               - isExperimentalNative: false
03:53:46.404 [FXGL Background Thread 3 ] DEBUG Engine               - isExperimentalTiledLargeMap: false
03:53:46.404 [FXGL Background Thread 3 ] DEBUG Engine               - isFileSystemWriteAllowed: true
03:53:46.405 [FXGL Background Thread 3 ] DEBUG Engine               - isFullScreenAllowed: false
03:53:46.405 [FXGL Background Thread 3 ] DEBUG Engine               - isFullScreenFromStart: false
03:53:46.405 [FXGL Background Thread 3 ] DEBUG Engine               - isGameMenuEnabled: true
03:53:46.406 [FXGL Background Thread 3 ] DEBUG Engine               - isIOS: false
03:53:46.406 [FXGL Background Thread 3 ] DEBUG Engine               - isIntroEnabled: false
03:53:46.406 [FXGL Background Thread 3 ] DEBUG Engine               - isLinux: false
03:53:46.406 [FXGL Background Thread 3 ] DEBUG Engine               - isMac: false
03:53:46.407 [FXGL Background Thread 3 ] DEBUG Engine               - isMainMenuEnabled: false
03:53:46.407 [FXGL Background Thread 3 ] DEBUG Engine               - isManualResizeEnabled: false
03:53:46.407 [FXGL Background Thread 3 ] DEBUG Engine               - isMobile: false
03:53:46.407 [FXGL Background Thread 3 ] DEBUG Engine               - isPreserveResizeRatio: false
03:53:46.408 [FXGL Background Thread 3 ] DEBUG Engine               - isProfilingEnabled: false
03:53:46.408 [FXGL Background Thread 3 ] DEBUG Engine               - isSingleStep: false
03:53:46.409 [FXGL Background Thread 3 ] DEBUG Engine               - isUserProfileEnabled: false
03:53:46.409 [FXGL Background Thread 3 ] DEBUG Engine               - isWindows: true
03:53:46.410 [FXGL Background Thread 3 ] DEBUG Engine               - language: ObjectProperty [value: ENGLISH]
03:53:46.410 [FXGL Background Thread 3 ] DEBUG Engine               - menuKey: ESCAPE
03:53:46.411 [FXGL Background Thread 3 ] DEBUG Engine               - notificationViewClass: class com.almasb.fxgl.notification.view.XboxNotificationView
03:53:46.411 [FXGL Background Thread 3 ] DEBUG Engine               - pixelsPerMeter: 50.0
03:53:46.411 [FXGL Background Thread 3 ] DEBUG Engine               - platform: WINDOWS
03:53:46.412 [FXGL Background Thread 3 ] DEBUG Engine               - profileDir: profiles/
03:53:46.412 [FXGL Background Thread 3 ] DEBUG Engine               - profileName: StringProperty [value: DEFAULT]
03:53:46.413 [FXGL Background Thread 3 ] DEBUG Engine               - randomSeed: -1
03:53:46.413 [FXGL Background Thread 3 ] DEBUG Engine               - runtimeInfo: RuntimeInfo(platform=WINDOWS, version=11.11, build=08.09.2020 18.00)
03:53:46.413 [FXGL Background Thread 3 ] DEBUG Engine               - saveFileExt: sav
03:53:46.414 [FXGL Background Thread 3 ] DEBUG Engine               - sceneFactory: com.almasb.fxgl.app.scene.SceneFactory@1c1c7a02
03:53:46.414 [FXGL Background Thread 3 ] DEBUG Engine               - secondsIn24h: 60
03:53:46.414 [FXGL Background Thread 3 ] DEBUG Engine               - soundMenuBack: menu/back.wav
03:53:46.414 [FXGL Background Thread 3 ] DEBUG Engine               - soundMenuPress: menu/press.wav
03:53:46.415 [FXGL Background Thread 3 ] DEBUG Engine               - soundMenuSelect: menu/select.wav
03:53:46.415 [FXGL Background Thread 3 ] DEBUG Engine               - soundNotification: core/notification.wav
03:53:46.416 [FXGL Background Thread 3 ] DEBUG Engine               - stageStyle: DECORATED
03:53:46.416 [FXGL Background Thread 3 ] DEBUG Engine               - supportedLanguages: [ENGLISH, FRENCH, GERMAN, HUNGARIAN, RUSSIAN]
03:53:46.417 [FXGL Background Thread 3 ] DEBUG Engine               - title: Pong
03:53:46.417 [FXGL Background Thread 3 ] DEBUG Engine               - urlGithub: https://github.com/AlmasB/FXGL
03:53:46.417 [FXGL Background Thread 3 ] DEBUG Engine               - urlLeaderboard: http://fxgl-top.herokuapp.com/
03:53:46.418 [FXGL Background Thread 3 ] DEBUG Engine               - urlPOM: https://raw.githubusercontent.com/AlmasB/FXGL/master/pom.xml
03:53:46.419 [FXGL Background Thread 3 ] DEBUG Engine               - version: 1.0
03:53:46.419 [FXGL Background Thread 3 ] DEBUG Engine               - versionCheckDays: 7
03:53:46.419 [FXGL Background Thread 3 ] DEBUG Engine               - width: 800
03:53:46.420 [FXGL Background Thread 3 ] DEBUG Engine               - Logging services
03:53:46.420 [FXGL Background Thread 3 ] DEBUG Engine               - class com.almasb.fxgl.app.FXGLApplication$GameApplicationService
03:53:46.420 [FXGL Background Thread 3 ] DEBUG Engine               - class com.almasb.fxgl.app.services.FXGLDialogService
03:53:46.421 [FXGL Background Thread 3 ] DEBUG Engine               - class com.almasb.fxgl.app.services.IOTaskExecutorService
03:53:46.421 [FXGL Background Thread 3 ] DEBUG Engine               - class com.almasb.fxgl.event.EventBusService
03:53:46.421 [FXGL Background Thread 3 ] DEBUG Engine               - class com.almasb.fxgl.io.FileSystemService
03:53:46.421 [FXGL Background Thread 3 ] DEBUG Engine               - class com.almasb.fxgl.localization.LocalizationService
03:53:46.422 [FXGL Background Thread 3 ] DEBUG Engine               - class com.almasb.fxgl.app.services.FXGLAssetLoaderService
03:53:46.422 [FXGL Background Thread 3 ] DEBUG Engine               - class com.almasb.fxgl.app.services.SystemBundleService
03:53:46.422 [FXGL Background Thread 3 ] DEBUG Engine               - class com.almasb.fxgl.profile.SaveLoadService
03:53:46.423 [FXGL Background Thread 3 ] DEBUG Engine               - class com.almasb.fxgl.ui.FXGLUIFactoryServiceProvider
03:53:46.423 [FXGL Background Thread 3 ] DEBUG Engine               - class com.almasb.fxgl.ui.FXGLDialogFactoryServiceProvider
03:53:46.424 [FXGL Background Thread 3 ] DEBUG Engine               - class com.almasb.fxgl.audio.AudioPlayer
03:53:46.424 [FXGL Background Thread 3 ] DEBUG Engine               - class com.almasb.fxgl.notification.impl.NotificationServiceProvider
03:53:46.425 [FXGL Background Thread 3 ] DEBUG Engine               - class com.almasb.fxgl.achievement.AchievementService
03:53:46.425 [FXGL Background Thread 3 ] DEBUG Engine               - class com.almasb.fxgl.cutscene.CutsceneService
03:53:46.426 [FXGL Background Thread 3 ] DEBUG Engine               - class com.almasb.fxgl.minigames.MiniGameService
03:53:46.426 [FXGL Background Thread 3 ] DEBUG Engine               - class com.almasb.fxgl.net.NetService
03:53:46.426 [FXGL Background Thread 3 ] DEBUG Engine               - class com.almasb.fxgl.app.services.UpdaterService
03:53:46.427 [FXGL Background Thread 3 ] DEBUG Engine               - class com.almasb.fxgl.dev.DevService
03:54:04.128 [JavaFX Application Thread] DEBUG FXGLApplication      - Exiting FXGL
03:54:04.128 [JavaFX Application Thread] DEBUG LoopRunner           - Stopping loop
03:54:04.128 [JavaFX Application Thread] DEBUG SystemBundleService  - Saving FXGL system data
03:54:04.130 [JavaFX Application Thread] DEBUG FileSystemAccess     - Writing to: C:\Users\Mark\Desktop\Pong CW\CI628-PongServer-master\system\fxgl.bundle
03:54:04.132 [JavaFX Application Thread] DEBUG Async                - Shutting down background threads
03:54:04.132 [JavaFX Application Thread] DEBUG MainWindow           - Closing main window
03:54:04.149 [JavaFX Application Thread] DEBUG Logger               - Closing Logger
