03:22:24.425 [main                     ] DEBUG Logger               - Configured Logger
03:22:24.432 [main                     ] DEBUG GameApplication      - Logging settings
Title: Pong
Version: 1.0
Width: 800
Height: 600
Fullscreen: false
Intro: false
Profiling: false
Single step:false
App Mode: DEBUG
Menu Key: ESCAPE
Stage Style: DECORATED
Scene Factory: class com.almasb.fxgl.app.scene.SceneFactory

03:22:24.717 [JavaFX Application Thread] DEBUG FXGLApplication      - Initializing FXGL
03:22:24.722 [JavaFX Application Thread] INFO  Engine               - FXGL-11.11 (08.09.2020 18.00) on WINDOWS (J:17.0.5 FX:14)
03:22:24.723 [JavaFX Application Thread] DEBUG Engine               - JRE Vendor Name: Eclipse Adoptium
03:22:24.723 [JavaFX Application Thread] DEBUG Engine               - Running on OS: Windows 10 version 10.0
03:22:24.723 [JavaFX Application Thread] DEBUG Engine               - Architecture: amd64
03:22:24.724 [JavaFX Application Thread] INFO  Engine               - Source code and latest versions at: https://github.com/AlmasB/FXGL
03:22:24.724 [JavaFX Application Thread] INFO  Engine               -              Join the FXGL chat at: https://gitter.im/AlmasB/FXGL
03:22:24.797 [JavaFX Application Thread] DEBUG MainWindow           - Creating a JavaFX scene
03:22:24.829 [JavaFX Application Thread] DEBUG MainWindow           - Target settings size: 800.0 x 600.0
03:22:24.829 [JavaFX Application Thread] DEBUG MainWindow           - Scaled scene size:    800.0 x 600.0
03:22:24.830 [JavaFX Application Thread] DEBUG MainWindow           - Scaled ratio: (1.0, 1.0)
03:22:24.830 [JavaFX Application Thread] DEBUG MainWindow           - Set initial scene to StartupScene
03:22:24.835 [JavaFX Application Thread] DEBUG MainWindow           - Opening main window
03:22:24.906 [JavaFX Application Thread] DEBUG MainWindow           - Window border size: (14.4000244140625, 37.5999755859375)
03:22:24.906 [JavaFX Application Thread] DEBUG MainWindow           - Scaled size: 800.0 x 600.0
03:22:24.906 [JavaFX Application Thread] DEBUG MainWindow           - Scaled ratio: (1.0, 1.0)
03:22:24.907 [JavaFX Application Thread] DEBUG MainWindow           - Scene size: 800.0 x 600.0
03:22:24.907 [JavaFX Application Thread] DEBUG MainWindow           - Stage size: 814.4000244140625 x 637.5999755859375
03:22:24.915 [FXGL Background Thread 1 ] DEBUG Engine               - Initializing environment variables
03:22:24.947 [FXGL Background Thread 1 ] DEBUG GameApplicationServi - Applying CSS: fxgl_dark.css
03:22:24.948 [FXGL Background Thread 1 ] DEBUG FXGLAssetLoaderServi - Loading from file system: /assets/ui/css/fxgl_dark.css
03:22:25.021 [FXGL Background Thread 1 ] DEBUG GameApplicationServi - Initializing application scenes
03:22:25.062 [FXGL Background Thread 1 ] DEBUG GameWorld            - Game world initialized
03:22:25.137 [FXGL Background Thread 1 ] DEBUG PhysicsWorld         - Physics world initialized: appHeight=600, physics.ppm=50.0
03:22:25.139 [FXGL Background Thread 1 ] DEBUG GameScene            - Game scene initialized: 800x600
03:22:25.177 [FXGL Background Thread 1 ] DEBUG FXGLAssetLoaderServi - Loading from file system: /assets/textures/particles/trace_horizontal.png
03:22:25.223 [FXGL Background Thread 1 ] DEBUG FXGL.DefaultMenu     - createMenuBodyGameMenu()
03:22:25.237 [FXGL Background Thread 1 ] DEBUG FXGL.DefaultMenu     - createOptionsMenu()
03:22:25.242 [FXGL Background Thread 1 ] DEBUG FXGLAssetLoaderServi - Loading from file system: /assets/textures/particles/smoke.png
03:22:25.294 [FXGL Background Thread 1 ] DEBUG GameApplicationServi - Application scenes initialized
03:22:25.304 [FXGL Background Thread 1 ] DEBUG SystemBundleService  - Loading FXGL system data
03:22:25.309 [FXGL Background Thread 1 ] DEBUG FileSystemAccess     - Reading from: C:\Users\Mark\Desktop\Pong CW\CI628-PongServer-master\system\fxgl.bundle
03:22:25.316 [FXGL Background Thread 1 ] DEBUG SystemBundleService  - Bundle FXGL: {}
03:22:25.317 [FXGL Background Thread 1 ] DEBUG UpdaterService       - Checking for updates
03:22:25.323 [FXGL Background Thread 4 ] DEBUG FXGLApplication      - Loading fonts
03:22:25.323 [FXGL Background Thread 4 ] DEBUG FXGLAssetLoaderServi - Loading from file system: /assets/ui/fonts/pong.ttf
03:22:25.323 [FXGL Background Thread 1 ] DEBUG FXGLApplication      - Loading default localization
03:22:25.324 [FXGL Background Thread 1 ] DEBUG FXGLAssetLoaderServi - Loading from file system: /assets/languages/english.lang
03:22:25.344 [FXGL Background Thread 1 ] INFO  FXGLApplication      - FXGL initialization took: 0.429 sec
03:22:25.358 [JavaFX Application Thread] DEBUG Input                - Registered new binding: Up1 - A
03:22:25.358 [JavaFX Application Thread] DEBUG Input                - Registered new binding: Down1 - D
03:22:25.358 [JavaFX Application Thread] DEBUG Input                - Registered new binding: Up2 - H
03:22:25.359 [JavaFX Application Thread] DEBUG Input                - Registered new binding: Down2 - K
03:22:25.359 [JavaFX Application Thread] DEBUG Input                - Registered new binding: Jump1 - W
03:22:25.360 [JavaFX Application Thread] DEBUG Input                - Registered new binding: Jump2 - U
03:22:25.361 [JavaFX Application Thread] DEBUG FXGLAssetLoaderServi - Loading from file system: /assets/textures/fxgl_icon.png
03:22:25.384 [JavaFX Application Thread] DEBUG FXGLAssetLoaderServi - Loading from file system: /assets/ui/cursors/fxgl_default.png
03:22:25.387 [JavaFX Application Thread] DEBUG Input                - Registered new binding: Screenshot - P
03:22:25.389 [JavaFX Application Thread] DEBUG Input                - Registered new binding: System info dump - CTRL+9
03:22:25.390 [JavaFX Application Thread] DEBUG Input                - Registered new binding: Restart - CTRL+R
03:22:25.392 [JavaFX Application Thread] DEBUG Input                - Registered new binding: Toggle Debug Camera - CTRL+C
03:22:25.393 [JavaFX Application Thread] DEBUG LoopRunner           - Starting loop
03:22:25.395 [JavaFX Application Thread] DEBUG GameApplicationServi - Starting new game
03:22:25.397 [JavaFX Application Thread] DEBUG Input                - Clearing active input actions
03:22:25.414 [JavaFX Application Thread] DEBUG GameApplicationServi - Removing overlay from StartupScene and adding to FXGLLoadingScene
03:22:25.415 [JavaFX Application Thread] DEBUG MainWindow           - StartupScene -> FXGLLoadingScene
03:22:25.415 [JavaFX Application Thread] DEBUG GameApplicationServi - Clearing previous game
03:22:25.416 [JavaFX Application Thread] DEBUG GameScene            - Clearing game scene
03:22:25.417 [JavaFX Application Thread] DEBUG GameWorld            - Clearing game world
03:22:25.417 [JavaFX Application Thread] DEBUG PhysicsWorld         - Clearing physics world
03:22:25.420 [FXGL Background Thread 1 ] DEBUG FXGLApplication      - Initializing game
03:22:25.447 [FXGL Background Thread 4 ] DEBUG FXGLAssetLoaderServi - Loading from file system: /assets/ui/fonts/Abel-Regular.ttf
03:22:25.455 [FXGL Background Thread 4 ] DEBUG FXGLAssetLoaderServi - Loading from file system: /assets/ui/fonts/lucida_console.ttf
03:22:25.464 [FXGL Background Thread 4 ] DEBUG FXGLAssetLoaderServi - Loading from file system: /assets/ui/fonts/Courier-Prime.ttf
03:22:25.475 [JavaFX Application Thread] DEBUG FXGLApplication      - Registering font factories with UI factory
03:22:25.483 [FXGL Background Thread 1 ] DEBUG FXGLAssetLoaderServi - Loading from file system: /assets/ui/main.fxml
03:22:25.485 [Thread-4                 ] DEBUG TCPServer            - Starting to listen at: 55555 type: class java.lang.String
03:22:25.577 [FXGL Background Thread 1 ] INFO  FXGLApplication      - Game initialization took: 0.157 sec
03:22:25.611 [JavaFX Application Thread] DEBUG Input                - Clearing active input actions
03:22:25.626 [JavaFX Application Thread] DEBUG GameApplicationServi - Removing overlay from FXGLLoadingScene and adding to GameScene
03:22:25.627 [JavaFX Application Thread] DEBUG MainWindow           - FXGLLoadingScene -> GameScene
03:22:25.915 [FXGL Background Thread 2 ] INFO  UpdaterService       - Your current version:  11.11
03:22:25.915 [FXGL Background Thread 2 ] INFO  UpdaterService       - Latest stable version: 17+dev-SNAPSHOT
03:22:27.849 [JavaFX Application Thread] DEBUG FXGLApplication      - Exiting FXGL
03:22:27.850 [JavaFX Application Thread] DEBUG LoopRunner           - Stopping loop
03:22:27.850 [JavaFX Application Thread] DEBUG SystemBundleService  - Saving FXGL system data
03:22:27.853 [JavaFX Application Thread] DEBUG FileSystemAccess     - Writing to: C:\Users\Mark\Desktop\Pong CW\CI628-PongServer-master\system\fxgl.bundle
03:22:27.855 [JavaFX Application Thread] DEBUG Async                - Shutting down background threads
03:22:27.856 [JavaFX Application Thread] DEBUG MainWindow           - Closing main window
03:22:27.870 [JavaFX Application Thread] DEBUG Logger               - Closing Logger
