03:12:15.301 [main                     ] DEBUG Logger               - Configured Logger
03:12:15.307 [main                     ] DEBUG GameApplication      - Logging settings
Title: Pong
Version: 1.0
Width: 800
Height: 600
Fullscreen: false
Intro: false
Profiling: false
Single step:false
App Mode: DEBUG
Menu Key: ESCAPE
Stage Style: DECORATED
Scene Factory: class com.almasb.fxgl.app.scene.SceneFactory

03:12:15.589 [JavaFX Application Thread] DEBUG FXGLApplication      - Initializing FXGL
03:12:15.594 [JavaFX Application Thread] INFO  Engine               - FXGL-11.11 (08.09.2020 18.00) on WINDOWS (J:17.0.5 FX:14)
03:12:15.594 [JavaFX Application Thread] DEBUG Engine               - JRE Vendor Name: Eclipse Adoptium
03:12:15.594 [JavaFX Application Thread] DEBUG Engine               - Running on OS: Windows 10 version 10.0
03:12:15.595 [JavaFX Application Thread] DEBUG Engine               - Architecture: amd64
03:12:15.595 [JavaFX Application Thread] INFO  Engine               - Source code and latest versions at: https://github.com/AlmasB/FXGL
03:12:15.595 [JavaFX Application Thread] INFO  Engine               -              Join the FXGL chat at: https://gitter.im/AlmasB/FXGL
03:12:15.669 [JavaFX Application Thread] DEBUG MainWindow           - Creating a JavaFX scene
03:12:15.705 [JavaFX Application Thread] DEBUG MainWindow           - Target settings size: 800.0 x 600.0
03:12:15.705 [JavaFX Application Thread] DEBUG MainWindow           - Scaled scene size:    800.0 x 600.0
03:12:15.706 [JavaFX Application Thread] DEBUG MainWindow           - Scaled ratio: (1.0, 1.0)
03:12:15.706 [JavaFX Application Thread] DEBUG MainWindow           - Set initial scene to StartupScene
03:12:15.711 [JavaFX Application Thread] DEBUG MainWindow           - Opening main window
03:12:15.784 [JavaFX Application Thread] DEBUG MainWindow           - Window border size: (14.4000244140625, 37.5999755859375)
03:12:15.784 [JavaFX Application Thread] DEBUG MainWindow           - Scaled size: 800.0 x 600.0
03:12:15.785 [JavaFX Application Thread] DEBUG MainWindow           - Scaled ratio: (1.0, 1.0)
03:12:15.785 [JavaFX Application Thread] DEBUG MainWindow           - Scene size: 800.0 x 600.0
03:12:15.786 [JavaFX Application Thread] DEBUG MainWindow           - Stage size: 814.4000244140625 x 637.5999755859375
03:12:15.792 [FXGL Background Thread 1 ] DEBUG Engine               - Initializing environment variables
03:12:15.819 [FXGL Background Thread 1 ] DEBUG GameApplicationServi - Applying CSS: fxgl_dark.css
03:12:15.820 [FXGL Background Thread 1 ] DEBUG FXGLAssetLoaderServi - Loading from file system: /assets/ui/css/fxgl_dark.css
03:12:15.880 [FXGL Background Thread 1 ] DEBUG GameApplicationServi - Initializing application scenes
03:12:15.924 [FXGL Background Thread 1 ] DEBUG GameWorld            - Game world initialized
03:12:15.996 [FXGL Background Thread 1 ] DEBUG PhysicsWorld         - Physics world initialized: appHeight=600, physics.ppm=50.0
03:12:15.997 [FXGL Background Thread 1 ] DEBUG GameScene            - Game scene initialized: 800x600
03:12:16.033 [FXGL Background Thread 1 ] DEBUG FXGLAssetLoaderServi - Loading from file system: /assets/textures/particles/trace_horizontal.png
03:12:16.076 [FXGL Background Thread 1 ] DEBUG FXGL.DefaultMenu     - createMenuBodyGameMenu()
03:12:16.090 [FXGL Background Thread 1 ] DEBUG FXGL.DefaultMenu     - createOptionsMenu()
03:12:16.095 [FXGL Background Thread 1 ] DEBUG FXGLAssetLoaderServi - Loading from file system: /assets/textures/particles/smoke.png
03:12:16.142 [FXGL Background Thread 1 ] DEBUG GameApplicationServi - Application scenes initialized
03:12:16.151 [FXGL Background Thread 1 ] DEBUG SystemBundleService  - Loading FXGL system data
03:12:16.157 [FXGL Background Thread 1 ] DEBUG FileSystemAccess     - Reading from: C:\Users\Mark\Desktop\Pong CW\CI628-PongServer-master\system\fxgl.bundle
03:12:16.167 [FXGL Background Thread 1 ] DEBUG SystemBundleService  - Bundle FXGL: {}
03:12:16.168 [FXGL Background Thread 1 ] DEBUG UpdaterService       - Checking for updates
03:12:16.172 [FXGL Background Thread 4 ] DEBUG FXGLApplication      - Loading fonts
03:12:16.173 [FXGL Background Thread 4 ] DEBUG FXGLAssetLoaderServi - Loading from file system: /assets/ui/fonts/pong.ttf
03:12:16.173 [FXGL Background Thread 1 ] DEBUG FXGLApplication      - Loading default localization
03:12:16.173 [FXGL Background Thread 1 ] DEBUG FXGLAssetLoaderServi - Loading from file system: /assets/languages/english.lang
03:12:16.188 [FXGL Background Thread 1 ] INFO  FXGLApplication      - FXGL initialization took: 0.396 sec
03:12:16.197 [JavaFX Application Thread] DEBUG Input                - Registered new binding: Up1 - A
03:12:16.198 [JavaFX Application Thread] DEBUG Input                - Registered new binding: Down1 - D
03:12:16.199 [JavaFX Application Thread] DEBUG Input                - Registered new binding: Up2 - H
03:12:16.199 [JavaFX Application Thread] DEBUG Input                - Registered new binding: Down2 - K
03:12:16.199 [JavaFX Application Thread] DEBUG Input                - Registered new binding: Jump1 - W
03:12:16.200 [JavaFX Application Thread] DEBUG Input                - Registered new binding: Jump2 - U
03:12:16.200 [JavaFX Application Thread] DEBUG FXGLAssetLoaderServi - Loading from file system: /assets/textures/fxgl_icon.png
03:12:16.228 [JavaFX Application Thread] DEBUG FXGLAssetLoaderServi - Loading from file system: /assets/ui/cursors/fxgl_default.png
03:12:16.232 [JavaFX Application Thread] DEBUG Input                - Registered new binding: Screenshot - P
03:12:16.233 [JavaFX Application Thread] DEBUG Input                - Registered new binding: System info dump - CTRL+9
03:12:16.234 [JavaFX Application Thread] DEBUG Input                - Registered new binding: Restart - CTRL+R
03:12:16.235 [JavaFX Application Thread] DEBUG Input                - Registered new binding: Toggle Debug Camera - CTRL+C
03:12:16.238 [JavaFX Application Thread] DEBUG LoopRunner           - Starting loop
03:12:16.239 [JavaFX Application Thread] DEBUG GameApplicationServi - Starting new game
03:12:16.240 [JavaFX Application Thread] DEBUG Input                - Clearing active input actions
03:12:16.252 [JavaFX Application Thread] DEBUG GameApplicationServi - Removing overlay from StartupScene and adding to FXGLLoadingScene
03:12:16.253 [JavaFX Application Thread] DEBUG MainWindow           - StartupScene -> FXGLLoadingScene
03:12:16.254 [JavaFX Application Thread] DEBUG GameApplicationServi - Clearing previous game
03:12:16.254 [JavaFX Application Thread] DEBUG GameScene            - Clearing game scene
03:12:16.255 [JavaFX Application Thread] DEBUG GameWorld            - Clearing game world
03:12:16.255 [JavaFX Application Thread] DEBUG PhysicsWorld         - Clearing physics world
03:12:16.257 [FXGL Background Thread 1 ] DEBUG FXGLApplication      - Initializing game
03:12:16.281 [FXGL Background Thread 4 ] DEBUG FXGLAssetLoaderServi - Loading from file system: /assets/ui/fonts/Abel-Regular.ttf
03:12:16.288 [FXGL Background Thread 4 ] DEBUG FXGLAssetLoaderServi - Loading from file system: /assets/ui/fonts/lucida_console.ttf
03:12:16.297 [FXGL Background Thread 4 ] DEBUG FXGLAssetLoaderServi - Loading from file system: /assets/ui/fonts/Courier-Prime.ttf
03:12:16.311 [JavaFX Application Thread] DEBUG FXGLApplication      - Registering font factories with UI factory
03:12:16.328 [FXGL Background Thread 1 ] DEBUG FXGLAssetLoaderServi - Loading from file system: /assets/ui/main.fxml
03:12:16.331 [Thread-4                 ] DEBUG TCPServer            - Starting to listen at: 55555 type: class java.lang.String
03:12:16.405 [FXGL Background Thread 1 ] INFO  FXGLApplication      - Game initialization took: 0.147 sec
03:12:16.416 [JavaFX Application Thread] DEBUG Input                - Clearing active input actions
03:12:16.440 [JavaFX Application Thread] DEBUG GameApplicationServi - Removing overlay from FXGLLoadingScene and adding to GameScene
03:12:16.441 [JavaFX Application Thread] DEBUG MainWindow           - FXGLLoadingScene -> GameScene
03:12:16.982 [FXGL Background Thread 2 ] INFO  UpdaterService       - Your current version:  11.11
03:12:16.983 [FXGL Background Thread 2 ] INFO  UpdaterService       - Latest stable version: 17+dev-SNAPSHOT
03:12:19.172 [FXGL Background Thread 3 ] DEBUG Engine               - Logging environment variables
03:12:19.173 [FXGL Background Thread 3 ] DEBUG Engine               - achievements: []
03:12:19.173 [FXGL Background Thread 3 ] DEBUG Engine               - appIcon: fxgl_icon.png
03:12:19.173 [FXGL Background Thread 3 ] DEBUG Engine               - applicationMode: DEBUG
03:12:19.174 [FXGL Background Thread 3 ] DEBUG Engine               - cSSList: [fxgl_dark.css]
03:12:19.175 [FXGL Background Thread 3 ] DEBUG Engine               - configClass: Optional.empty
03:12:19.176 [FXGL Background Thread 3 ] DEBUG Engine               - credits: []
03:12:19.177 [FXGL Background Thread 3 ] DEBUG Engine               - devBBoxColorProperty: ObjectProperty [value: 0xff0000ff]
03:12:19.177 [FXGL Background Thread 3 ] DEBUG Engine               - devEnableDebugCameraProperty: BooleanProperty [value: false]
03:12:19.178 [FXGL Background Thread 3 ] DEBUG Engine               - devSensorColorProperty: ObjectProperty [value: 0xffff00ff]
03:12:19.178 [FXGL Background Thread 3 ] DEBUG Engine               - devShowBBoxProperty: BooleanProperty [value: false]
03:12:19.179 [FXGL Background Thread 3 ] DEBUG Engine               - devShowPositionProperty: BooleanProperty [value: false]
03:12:19.179 [FXGL Background Thread 3 ] DEBUG Engine               - enabledMenuItems: []
03:12:19.180 [FXGL Background Thread 3 ] DEBUG Engine               - engineServices: [class com.almasb.fxgl.app.FXGLApplication$GameApplicationService, class com.almasb.fxgl.app.services.FXGLDialogService, class com.almasb.fxgl.app.services.IOTaskExecutorService, class com.almasb.fxgl.event.EventBusService, class com.almasb.fxgl.io.FileSystemService, class com.almasb.fxgl.localization.LocalizationService, class com.almasb.fxgl.app.services.FXGLAssetLoaderService, class com.almasb.fxgl.app.services.SystemBundleService, class com.almasb.fxgl.profile.SaveLoadService, class com.almasb.fxgl.ui.FXGLUIFactoryServiceProvider, class com.almasb.fxgl.ui.FXGLDialogFactoryServiceProvider, class com.almasb.fxgl.audio.AudioPlayer, class com.almasb.fxgl.notification.impl.NotificationServiceProvider, class com.almasb.fxgl.achievement.AchievementService, class com.almasb.fxgl.cutscene.CutsceneService, class com.almasb.fxgl.minigames.MiniGameService, class com.almasb.fxgl.net.NetService, class com.almasb.fxgl.app.services.UpdaterService, class com.almasb.fxgl.dev.DevService]
03:12:19.181 [FXGL Background Thread 3 ] DEBUG Engine               - fontGame: Abel-Regular.ttf
03:12:19.182 [FXGL Background Thread 3 ] DEBUG Engine               - fontMono: lucida_console.ttf
03:12:19.182 [FXGL Background Thread 3 ] DEBUG Engine               - fontText: Courier-Prime.ttf
03:12:19.184 [FXGL Background Thread 3 ] DEBUG Engine               - fontUI: pong.ttf
03:12:19.185 [FXGL Background Thread 3 ] DEBUG Engine               - fullScreen: BooleanProperty [value: false]
03:12:19.186 [FXGL Background Thread 3 ] DEBUG Engine               - gameDifficulty: MEDIUM
03:12:19.187 [FXGL Background Thread 3 ] DEBUG Engine               - gameDifficultyProperty: ObjectProperty [value: MEDIUM]
03:12:19.187 [FXGL Background Thread 3 ] DEBUG Engine               - globalMusicVolume: 0.5
03:12:19.189 [FXGL Background Thread 3 ] DEBUG Engine               - globalMusicVolumeProperty: DoubleProperty [value: 0.5]
03:12:19.190 [FXGL Background Thread 3 ] DEBUG Engine               - globalSoundVolume: 0.5
03:12:19.193 [FXGL Background Thread 3 ] DEBUG Engine               - globalSoundVolumeProperty: DoubleProperty [value: 0.5]
03:12:19.194 [FXGL Background Thread 3 ] DEBUG Engine               - height: 600
03:12:19.196 [FXGL Background Thread 3 ] DEBUG Engine               - isAndroid: false
03:12:19.197 [FXGL Background Thread 3 ] DEBUG Engine               - isBrowser: false
03:12:19.197 [FXGL Background Thread 3 ] DEBUG Engine               - isClickFeedbackEnabled: false
03:12:19.198 [FXGL Background Thread 3 ] DEBUG Engine               - isCloseConfirmation: false
03:12:19.198 [FXGL Background Thread 3 ] DEBUG Engine               - isDesktop: true
03:12:19.200 [FXGL Background Thread 3 ] DEBUG Engine               - isDeveloperMenuEnabled: false
03:12:19.201 [FXGL Background Thread 3 ] DEBUG Engine               - isEntityPreloadEnabled: true
03:12:19.202 [FXGL Background Thread 3 ] DEBUG Engine               - isExperimentalNative: false
03:12:19.203 [FXGL Background Thread 3 ] DEBUG Engine               - isExperimentalTiledLargeMap: false
03:12:19.204 [FXGL Background Thread 3 ] DEBUG Engine               - isFileSystemWriteAllowed: true
03:12:19.204 [FXGL Background Thread 3 ] DEBUG Engine               - isFullScreenAllowed: false
03:12:19.205 [FXGL Background Thread 3 ] DEBUG Engine               - isFullScreenFromStart: false
03:12:19.208 [FXGL Background Thread 3 ] DEBUG Engine               - isGameMenuEnabled: true
03:12:19.208 [FXGL Background Thread 3 ] DEBUG Engine               - isIOS: false
03:12:19.209 [FXGL Background Thread 3 ] DEBUG Engine               - isIntroEnabled: false
03:12:19.209 [FXGL Background Thread 3 ] DEBUG Engine               - isLinux: false
03:12:19.209 [FXGL Background Thread 3 ] DEBUG Engine               - isMac: false
03:12:19.210 [FXGL Background Thread 3 ] DEBUG Engine               - isMainMenuEnabled: false
03:12:19.210 [FXGL Background Thread 3 ] DEBUG Engine               - isManualResizeEnabled: false
03:12:19.211 [FXGL Background Thread 3 ] DEBUG Engine               - isMobile: false
03:12:19.211 [FXGL Background Thread 3 ] DEBUG Engine               - isPreserveResizeRatio: false
03:12:19.212 [FXGL Background Thread 3 ] DEBUG Engine               - isProfilingEnabled: false
03:12:19.212 [FXGL Background Thread 3 ] DEBUG Engine               - isSingleStep: false
03:12:19.213 [FXGL Background Thread 3 ] DEBUG Engine               - isUserProfileEnabled: false
03:12:19.213 [FXGL Background Thread 3 ] DEBUG Engine               - isWindows: true
03:12:19.213 [FXGL Background Thread 3 ] DEBUG Engine               - language: ObjectProperty [value: ENGLISH]
03:12:19.215 [FXGL Background Thread 3 ] DEBUG Engine               - menuKey: ESCAPE
03:12:19.216 [FXGL Background Thread 3 ] DEBUG Engine               - notificationViewClass: class com.almasb.fxgl.notification.view.XboxNotificationView
03:12:19.217 [FXGL Background Thread 3 ] DEBUG Engine               - pixelsPerMeter: 50.0
03:12:19.218 [FXGL Background Thread 3 ] DEBUG Engine               - platform: WINDOWS
03:12:19.218 [FXGL Background Thread 3 ] DEBUG Engine               - profileDir: profiles/
03:12:19.218 [FXGL Background Thread 3 ] DEBUG Engine               - profileName: StringProperty [value: DEFAULT]
03:12:19.219 [FXGL Background Thread 3 ] DEBUG Engine               - randomSeed: -1
03:12:19.222 [FXGL Background Thread 3 ] DEBUG Engine               - runtimeInfo: RuntimeInfo(platform=WINDOWS, version=11.11, build=08.09.2020 18.00)
03:12:19.223 [FXGL Background Thread 3 ] DEBUG Engine               - saveFileExt: sav
03:12:19.225 [FXGL Background Thread 3 ] DEBUG Engine               - sceneFactory: com.almasb.fxgl.app.scene.SceneFactory@2d3accfe
03:12:19.226 [FXGL Background Thread 3 ] DEBUG Engine               - secondsIn24h: 60
03:12:19.227 [FXGL Background Thread 3 ] DEBUG Engine               - soundMenuBack: menu/back.wav
03:12:19.227 [FXGL Background Thread 3 ] DEBUG Engine               - soundMenuPress: menu/press.wav
03:12:19.229 [FXGL Background Thread 3 ] DEBUG Engine               - soundMenuSelect: menu/select.wav
03:12:19.230 [FXGL Background Thread 3 ] DEBUG Engine               - soundNotification: core/notification.wav
03:12:19.233 [FXGL Background Thread 3 ] DEBUG Engine               - stageStyle: DECORATED
03:12:19.233 [FXGL Background Thread 3 ] DEBUG Engine               - supportedLanguages: [ENGLISH, FRENCH, GERMAN, HUNGARIAN, RUSSIAN]
03:12:19.236 [FXGL Background Thread 3 ] DEBUG Engine               - title: Pong
03:12:19.237 [FXGL Background Thread 3 ] DEBUG Engine               - urlGithub: https://github.com/AlmasB/FXGL
03:12:19.237 [FXGL Background Thread 3 ] DEBUG Engine               - urlLeaderboard: http://fxgl-top.herokuapp.com/
03:12:19.238 [FXGL Background Thread 3 ] DEBUG Engine               - urlPOM: https://raw.githubusercontent.com/AlmasB/FXGL/master/pom.xml
03:12:19.238 [FXGL Background Thread 3 ] DEBUG Engine               - version: 1.0
03:12:19.239 [FXGL Background Thread 3 ] DEBUG Engine               - versionCheckDays: 7
03:12:19.240 [FXGL Background Thread 3 ] DEBUG Engine               - width: 800
03:12:19.240 [FXGL Background Thread 3 ] DEBUG Engine               - Logging services
03:12:19.241 [FXGL Background Thread 3 ] DEBUG Engine               - class com.almasb.fxgl.app.FXGLApplication$GameApplicationService
03:12:19.242 [FXGL Background Thread 3 ] DEBUG Engine               - class com.almasb.fxgl.app.services.FXGLDialogService
03:12:19.243 [FXGL Background Thread 3 ] DEBUG Engine               - class com.almasb.fxgl.app.services.IOTaskExecutorService
03:12:19.243 [FXGL Background Thread 3 ] DEBUG Engine               - class com.almasb.fxgl.event.EventBusService
03:12:19.243 [FXGL Background Thread 3 ] DEBUG Engine               - class com.almasb.fxgl.io.FileSystemService
03:12:19.244 [FXGL Background Thread 3 ] DEBUG Engine               - class com.almasb.fxgl.localization.LocalizationService
03:12:19.244 [FXGL Background Thread 3 ] DEBUG Engine               - class com.almasb.fxgl.app.services.FXGLAssetLoaderService
03:12:19.244 [FXGL Background Thread 3 ] DEBUG Engine               - class com.almasb.fxgl.app.services.SystemBundleService
03:12:19.245 [FXGL Background Thread 3 ] DEBUG Engine               - class com.almasb.fxgl.profile.SaveLoadService
03:12:19.246 [FXGL Background Thread 3 ] DEBUG Engine               - class com.almasb.fxgl.ui.FXGLUIFactoryServiceProvider
03:12:19.246 [FXGL Background Thread 3 ] DEBUG Engine               - class com.almasb.fxgl.ui.FXGLDialogFactoryServiceProvider
03:12:19.246 [FXGL Background Thread 3 ] DEBUG Engine               - class com.almasb.fxgl.audio.AudioPlayer
03:12:19.247 [FXGL Background Thread 3 ] DEBUG Engine               - class com.almasb.fxgl.notification.impl.NotificationServiceProvider
03:12:19.247 [FXGL Background Thread 3 ] DEBUG Engine               - class com.almasb.fxgl.achievement.AchievementService
03:12:19.248 [FXGL Background Thread 3 ] DEBUG Engine               - class com.almasb.fxgl.cutscene.CutsceneService
03:12:19.249 [FXGL Background Thread 3 ] DEBUG Engine               - class com.almasb.fxgl.minigames.MiniGameService
03:12:19.250 [FXGL Background Thread 3 ] DEBUG Engine               - class com.almasb.fxgl.net.NetService
03:12:19.250 [FXGL Background Thread 3 ] DEBUG Engine               - class com.almasb.fxgl.app.services.UpdaterService
03:12:19.253 [FXGL Background Thread 3 ] DEBUG Engine               - class com.almasb.fxgl.dev.DevService
03:14:07.268 [JavaFX Application Thread] DEBUG FXGLApplication      - Exiting FXGL
03:14:07.268 [JavaFX Application Thread] DEBUG LoopRunner           - Stopping loop
03:14:07.269 [JavaFX Application Thread] DEBUG SystemBundleService  - Saving FXGL system data
03:14:07.272 [JavaFX Application Thread] DEBUG FileSystemAccess     - Writing to: C:\Users\Mark\Desktop\Pong CW\CI628-PongServer-master\system\fxgl.bundle
03:14:07.274 [JavaFX Application Thread] DEBUG Async                - Shutting down background threads
03:14:07.275 [JavaFX Application Thread] DEBUG MainWindow           - Closing main window
03:14:07.289 [JavaFX Application Thread] DEBUG Logger               - Closing Logger
