03:56:34.697 [main                     ] DEBUG Logger               - Configured Logger
03:56:34.704 [main                     ] DEBUG GameApplication      - Logging settings
Title: Pong
Version: 1.0
Width: 800
Height: 600
Fullscreen: false
Intro: false
Profiling: false
Single step:false
App Mode: DEBUG
Menu Key: ESCAPE
Stage Style: DECORATED
Scene Factory: class com.almasb.fxgl.app.scene.SceneFactory

03:56:35.064 [JavaFX Application Thread] DEBUG FXGLApplication      - Initializing FXGL
03:56:35.069 [JavaFX Application Thread] INFO  Engine               - FXGL-11.11 (08.09.2020 18.00) on WINDOWS (J:17.0.5 FX:14)
03:56:35.070 [JavaFX Application Thread] DEBUG Engine               - JRE Vendor Name: Eclipse Adoptium
03:56:35.070 [JavaFX Application Thread] DEBUG Engine               - Running on OS: Windows 10 version 10.0
03:56:35.071 [JavaFX Application Thread] DEBUG Engine               - Architecture: amd64
03:56:35.071 [JavaFX Application Thread] INFO  Engine               - Source code and latest versions at: https://github.com/AlmasB/FXGL
03:56:35.071 [JavaFX Application Thread] INFO  Engine               -              Join the FXGL chat at: https://gitter.im/AlmasB/FXGL
03:56:35.157 [JavaFX Application Thread] DEBUG MainWindow           - Creating a JavaFX scene
03:56:35.190 [JavaFX Application Thread] DEBUG MainWindow           - Target settings size: 800.0 x 600.0
03:56:35.190 [JavaFX Application Thread] DEBUG MainWindow           - Scaled scene size:    800.0 x 600.0
03:56:35.190 [JavaFX Application Thread] DEBUG MainWindow           - Scaled ratio: (1.0, 1.0)
03:56:35.191 [JavaFX Application Thread] DEBUG MainWindow           - Set initial scene to StartupScene
03:56:35.196 [JavaFX Application Thread] DEBUG MainWindow           - Opening main window
03:56:35.272 [JavaFX Application Thread] DEBUG MainWindow           - Window border size: (14.4000244140625, 37.5999755859375)
03:56:35.272 [JavaFX Application Thread] DEBUG MainWindow           - Scaled size: 800.0 x 600.0
03:56:35.273 [JavaFX Application Thread] DEBUG MainWindow           - Scaled ratio: (1.0, 1.0)
03:56:35.273 [JavaFX Application Thread] DEBUG MainWindow           - Scene size: 800.0 x 600.0
03:56:35.274 [JavaFX Application Thread] DEBUG MainWindow           - Stage size: 814.4000244140625 x 637.5999755859375
03:56:35.282 [FXGL Background Thread 1 ] DEBUG Engine               - Initializing environment variables
03:56:35.311 [FXGL Background Thread 1 ] DEBUG GameApplicationServi - Applying CSS: fxgl_dark.css
03:56:35.312 [FXGL Background Thread 1 ] DEBUG FXGLAssetLoaderServi - Loading from file system: /assets/ui/css/fxgl_dark.css
03:56:35.374 [FXGL Background Thread 1 ] DEBUG GameApplicationServi - Initializing application scenes
03:56:35.416 [FXGL Background Thread 1 ] DEBUG GameWorld            - Game world initialized
03:56:35.492 [FXGL Background Thread 1 ] DEBUG PhysicsWorld         - Physics world initialized: appHeight=600, physics.ppm=50.0
03:56:35.496 [FXGL Background Thread 1 ] DEBUG GameScene            - Game scene initialized: 800x600
03:56:35.534 [FXGL Background Thread 1 ] DEBUG FXGLAssetLoaderServi - Loading from file system: /assets/textures/particles/trace_horizontal.png
03:56:35.579 [FXGL Background Thread 1 ] DEBUG FXGL.DefaultMenu     - createMenuBodyGameMenu()
03:56:35.593 [FXGL Background Thread 1 ] DEBUG FXGL.DefaultMenu     - createOptionsMenu()
03:56:35.600 [FXGL Background Thread 1 ] DEBUG FXGLAssetLoaderServi - Loading from file system: /assets/textures/particles/smoke.png
03:56:35.656 [FXGL Background Thread 1 ] DEBUG GameApplicationServi - Application scenes initialized
03:56:35.665 [FXGL Background Thread 1 ] DEBUG SystemBundleService  - Loading FXGL system data
03:56:35.671 [FXGL Background Thread 1 ] DEBUG FileSystemAccess     - Reading from: C:\Users\Mark\Desktop\Pong CW\CI628-PongServer-master\system\fxgl.bundle
03:56:35.679 [FXGL Background Thread 1 ] DEBUG SystemBundleService  - Bundle FXGL: {}
03:56:35.679 [FXGL Background Thread 1 ] DEBUG UpdaterService       - Checking for updates
03:56:35.686 [FXGL Background Thread 4 ] DEBUG FXGLApplication      - Loading fonts
03:56:35.686 [FXGL Background Thread 1 ] DEBUG FXGLApplication      - Loading default localization
03:56:35.687 [FXGL Background Thread 4 ] DEBUG FXGLAssetLoaderServi - Loading from file system: /assets/ui/fonts/pong.ttf
03:56:35.687 [FXGL Background Thread 1 ] DEBUG FXGLAssetLoaderServi - Loading from file system: /assets/languages/english.lang
03:56:35.710 [FXGL Background Thread 1 ] INFO  FXGLApplication      - FXGL initialization took: 0.427 sec
03:56:35.721 [JavaFX Application Thread] DEBUG Input                - Registered new binding: Up1 - A
03:56:35.722 [JavaFX Application Thread] DEBUG Input                - Registered new binding: Down1 - D
03:56:35.722 [JavaFX Application Thread] DEBUG Input                - Registered new binding: Up2 - H
03:56:35.723 [JavaFX Application Thread] DEBUG Input                - Registered new binding: Down2 - K
03:56:35.723 [JavaFX Application Thread] DEBUG Input                - Registered new binding: Jump1 - W
03:56:35.724 [JavaFX Application Thread] DEBUG Input                - Registered new binding: Jump2 - U
03:56:35.725 [JavaFX Application Thread] DEBUG FXGLAssetLoaderServi - Loading from file system: /assets/textures/fxgl_icon.png
03:56:35.753 [JavaFX Application Thread] DEBUG FXGLAssetLoaderServi - Loading from file system: /assets/ui/cursors/fxgl_default.png
03:56:35.757 [JavaFX Application Thread] DEBUG Input                - Registered new binding: Screenshot - P
03:56:35.758 [JavaFX Application Thread] DEBUG Input                - Registered new binding: System info dump - CTRL+9
03:56:35.758 [JavaFX Application Thread] DEBUG Input                - Registered new binding: Restart - CTRL+R
03:56:35.760 [JavaFX Application Thread] DEBUG Input                - Registered new binding: Toggle Debug Camera - CTRL+C
03:56:35.763 [JavaFX Application Thread] DEBUG LoopRunner           - Starting loop
03:56:35.765 [JavaFX Application Thread] DEBUG GameApplicationServi - Starting new game
03:56:35.766 [JavaFX Application Thread] DEBUG Input                - Clearing active input actions
03:56:35.786 [JavaFX Application Thread] DEBUG GameApplicationServi - Removing overlay from StartupScene and adding to FXGLLoadingScene
03:56:35.787 [JavaFX Application Thread] DEBUG MainWindow           - StartupScene -> FXGLLoadingScene
03:56:35.789 [JavaFX Application Thread] DEBUG GameApplicationServi - Clearing previous game
03:56:35.789 [JavaFX Application Thread] DEBUG GameScene            - Clearing game scene
03:56:35.790 [JavaFX Application Thread] DEBUG GameWorld            - Clearing game world
03:56:35.791 [JavaFX Application Thread] DEBUG PhysicsWorld         - Clearing physics world
03:56:35.793 [FXGL Background Thread 1 ] DEBUG FXGLApplication      - Initializing game
03:56:35.845 [FXGL Background Thread 4 ] DEBUG FXGLAssetLoaderServi - Loading from file system: /assets/ui/fonts/Abel-Regular.ttf
03:56:35.852 [FXGL Background Thread 4 ] DEBUG FXGLAssetLoaderServi - Loading from file system: /assets/ui/fonts/lucida_console.ttf
03:56:35.861 [FXGL Background Thread 4 ] DEBUG FXGLAssetLoaderServi - Loading from file system: /assets/ui/fonts/Courier-Prime.ttf
03:56:35.867 [FXGL Background Thread 1 ] DEBUG FXGLAssetLoaderServi - Loading from file system: /assets/ui/main.fxml
03:56:35.871 [Thread-4                 ] DEBUG TCPServer            - Starting to listen at: 55555 type: class java.lang.String
03:56:35.975 [FXGL Background Thread 1 ] INFO  FXGLApplication      - Game initialization took: 0.181 sec
03:56:35.976 [JavaFX Application Thread] DEBUG FXGLApplication      - Registering font factories with UI factory
03:56:35.988 [JavaFX Application Thread] DEBUG Input                - Clearing active input actions
03:56:36.009 [JavaFX Application Thread] DEBUG GameApplicationServi - Removing overlay from FXGLLoadingScene and adding to GameScene
03:56:36.011 [JavaFX Application Thread] DEBUG MainWindow           - FXGLLoadingScene -> GameScene
03:56:36.617 [FXGL Background Thread 2 ] INFO  UpdaterService       - Your current version:  11.11
03:56:36.620 [FXGL Background Thread 2 ] INFO  UpdaterService       - Latest stable version: 17+dev-SNAPSHOT
03:56:38.684 [FXGL Background Thread 3 ] DEBUG Engine               - Logging environment variables
03:56:38.685 [FXGL Background Thread 3 ] DEBUG Engine               - achievements: []
03:56:38.685 [FXGL Background Thread 3 ] DEBUG Engine               - appIcon: fxgl_icon.png
03:56:38.686 [FXGL Background Thread 3 ] DEBUG Engine               - applicationMode: DEBUG
03:56:38.686 [FXGL Background Thread 3 ] DEBUG Engine               - cSSList: [fxgl_dark.css]
03:56:38.686 [FXGL Background Thread 3 ] DEBUG Engine               - configClass: Optional.empty
03:56:38.687 [FXGL Background Thread 3 ] DEBUG Engine               - credits: []
03:56:38.687 [FXGL Background Thread 3 ] DEBUG Engine               - devBBoxColorProperty: ObjectProperty [value: 0xff0000ff]
03:56:38.687 [FXGL Background Thread 3 ] DEBUG Engine               - devEnableDebugCameraProperty: BooleanProperty [value: false]
03:56:38.687 [FXGL Background Thread 3 ] DEBUG Engine               - devSensorColorProperty: ObjectProperty [value: 0xffff00ff]
03:56:38.687 [FXGL Background Thread 3 ] DEBUG Engine               - devShowBBoxProperty: BooleanProperty [value: false]
03:56:38.688 [FXGL Background Thread 3 ] DEBUG Engine               - devShowPositionProperty: BooleanProperty [value: false]
03:56:38.688 [FXGL Background Thread 3 ] DEBUG Engine               - enabledMenuItems: []
03:56:38.689 [FXGL Background Thread 3 ] DEBUG Engine               - engineServices: [class com.almasb.fxgl.app.FXGLApplication$GameApplicationService, class com.almasb.fxgl.app.services.FXGLDialogService, class com.almasb.fxgl.app.services.IOTaskExecutorService, class com.almasb.fxgl.event.EventBusService, class com.almasb.fxgl.io.FileSystemService, class com.almasb.fxgl.localization.LocalizationService, class com.almasb.fxgl.app.services.FXGLAssetLoaderService, class com.almasb.fxgl.app.services.SystemBundleService, class com.almasb.fxgl.profile.SaveLoadService, class com.almasb.fxgl.ui.FXGLUIFactoryServiceProvider, class com.almasb.fxgl.ui.FXGLDialogFactoryServiceProvider, class com.almasb.fxgl.audio.AudioPlayer, class com.almasb.fxgl.notification.impl.NotificationServiceProvider, class com.almasb.fxgl.achievement.AchievementService, class com.almasb.fxgl.cutscene.CutsceneService, class com.almasb.fxgl.minigames.MiniGameService, class com.almasb.fxgl.net.NetService, class com.almasb.fxgl.app.services.UpdaterService, class com.almasb.fxgl.dev.DevService]
03:56:38.691 [FXGL Background Thread 3 ] DEBUG Engine               - fontGame: Abel-Regular.ttf
03:56:38.691 [FXGL Background Thread 3 ] DEBUG Engine               - fontMono: lucida_console.ttf
03:56:38.692 [FXGL Background Thread 3 ] DEBUG Engine               - fontText: Courier-Prime.ttf
03:56:38.692 [FXGL Background Thread 3 ] DEBUG Engine               - fontUI: pong.ttf
03:56:38.692 [FXGL Background Thread 3 ] DEBUG Engine               - fullScreen: BooleanProperty [value: false]
03:56:38.693 [FXGL Background Thread 3 ] DEBUG Engine               - gameDifficulty: MEDIUM
03:56:38.693 [FXGL Background Thread 3 ] DEBUG Engine               - gameDifficultyProperty: ObjectProperty [value: MEDIUM]
03:56:38.694 [FXGL Background Thread 3 ] DEBUG Engine               - globalMusicVolume: 0.5
03:56:38.694 [FXGL Background Thread 3 ] DEBUG Engine               - globalMusicVolumeProperty: DoubleProperty [value: 0.5]
03:56:38.694 [FXGL Background Thread 3 ] DEBUG Engine               - globalSoundVolume: 0.5
03:56:38.695 [FXGL Background Thread 3 ] DEBUG Engine               - globalSoundVolumeProperty: DoubleProperty [value: 0.5]
03:56:38.695 [FXGL Background Thread 3 ] DEBUG Engine               - height: 600
03:56:38.696 [FXGL Background Thread 3 ] DEBUG Engine               - isAndroid: false
03:56:38.696 [FXGL Background Thread 3 ] DEBUG Engine               - isBrowser: false
03:56:38.697 [FXGL Background Thread 3 ] DEBUG Engine               - isClickFeedbackEnabled: false
03:56:38.697 [FXGL Background Thread 3 ] DEBUG Engine               - isCloseConfirmation: false
03:56:38.698 [FXGL Background Thread 3 ] DEBUG Engine               - isDesktop: true
03:56:38.699 [FXGL Background Thread 3 ] DEBUG Engine               - isDeveloperMenuEnabled: false
03:56:38.699 [FXGL Background Thread 3 ] DEBUG Engine               - isEntityPreloadEnabled: true
03:56:38.699 [FXGL Background Thread 3 ] DEBUG Engine               - isExperimentalNative: false
03:56:38.700 [FXGL Background Thread 3 ] DEBUG Engine               - isExperimentalTiledLargeMap: false
03:56:38.700 [FXGL Background Thread 3 ] DEBUG Engine               - isFileSystemWriteAllowed: true
03:56:38.700 [FXGL Background Thread 3 ] DEBUG Engine               - isFullScreenAllowed: false
03:56:38.701 [FXGL Background Thread 3 ] DEBUG Engine               - isFullScreenFromStart: false
03:56:38.701 [FXGL Background Thread 3 ] DEBUG Engine               - isGameMenuEnabled: true
03:56:38.701 [FXGL Background Thread 3 ] DEBUG Engine               - isIOS: false
03:56:38.701 [FXGL Background Thread 3 ] DEBUG Engine               - isIntroEnabled: false
03:56:38.702 [FXGL Background Thread 3 ] DEBUG Engine               - isLinux: false
03:56:38.702 [FXGL Background Thread 3 ] DEBUG Engine               - isMac: false
03:56:38.703 [FXGL Background Thread 3 ] DEBUG Engine               - isMainMenuEnabled: false
03:56:38.703 [FXGL Background Thread 3 ] DEBUG Engine               - isManualResizeEnabled: false
03:56:38.704 [FXGL Background Thread 3 ] DEBUG Engine               - isMobile: false
03:56:38.705 [FXGL Background Thread 3 ] DEBUG Engine               - isPreserveResizeRatio: false
03:56:38.705 [FXGL Background Thread 3 ] DEBUG Engine               - isProfilingEnabled: false
03:56:38.705 [FXGL Background Thread 3 ] DEBUG Engine               - isSingleStep: false
03:56:38.706 [FXGL Background Thread 3 ] DEBUG Engine               - isUserProfileEnabled: false
03:56:38.706 [FXGL Background Thread 3 ] DEBUG Engine               - isWindows: true
03:56:38.706 [FXGL Background Thread 3 ] DEBUG Engine               - language: ObjectProperty [value: ENGLISH]
03:56:38.707 [FXGL Background Thread 3 ] DEBUG Engine               - menuKey: ESCAPE
03:56:38.707 [FXGL Background Thread 3 ] DEBUG Engine               - notificationViewClass: class com.almasb.fxgl.notification.view.XboxNotificationView
03:56:38.707 [FXGL Background Thread 3 ] DEBUG Engine               - pixelsPerMeter: 50.0
03:56:38.707 [FXGL Background Thread 3 ] DEBUG Engine               - platform: WINDOWS
03:56:38.708 [FXGL Background Thread 3 ] DEBUG Engine               - profileDir: profiles/
03:56:38.708 [FXGL Background Thread 3 ] DEBUG Engine               - profileName: StringProperty [value: DEFAULT]
03:56:38.708 [FXGL Background Thread 3 ] DEBUG Engine               - randomSeed: -1
03:56:38.709 [FXGL Background Thread 3 ] DEBUG Engine               - runtimeInfo: RuntimeInfo(platform=WINDOWS, version=11.11, build=08.09.2020 18.00)
03:56:38.709 [FXGL Background Thread 3 ] DEBUG Engine               - saveFileExt: sav
03:56:38.709 [FXGL Background Thread 3 ] DEBUG Engine               - sceneFactory: com.almasb.fxgl.app.scene.SceneFactory@48f03613
03:56:38.710 [FXGL Background Thread 3 ] DEBUG Engine               - secondsIn24h: 60
03:56:38.710 [FXGL Background Thread 3 ] DEBUG Engine               - soundMenuBack: menu/back.wav
03:56:38.710 [FXGL Background Thread 3 ] DEBUG Engine               - soundMenuPress: menu/press.wav
03:56:38.711 [FXGL Background Thread 3 ] DEBUG Engine               - soundMenuSelect: menu/select.wav
03:56:38.711 [FXGL Background Thread 3 ] DEBUG Engine               - soundNotification: core/notification.wav
03:56:38.711 [FXGL Background Thread 3 ] DEBUG Engine               - stageStyle: DECORATED
03:56:38.712 [FXGL Background Thread 3 ] DEBUG Engine               - supportedLanguages: [ENGLISH, FRENCH, GERMAN, HUNGARIAN, RUSSIAN]
03:56:38.712 [FXGL Background Thread 3 ] DEBUG Engine               - title: Pong
03:56:38.712 [FXGL Background Thread 3 ] DEBUG Engine               - urlGithub: https://github.com/AlmasB/FXGL
03:56:38.712 [FXGL Background Thread 3 ] DEBUG Engine               - urlLeaderboard: http://fxgl-top.herokuapp.com/
03:56:38.713 [FXGL Background Thread 3 ] DEBUG Engine               - urlPOM: https://raw.githubusercontent.com/AlmasB/FXGL/master/pom.xml
03:56:38.713 [FXGL Background Thread 3 ] DEBUG Engine               - version: 1.0
03:56:38.713 [FXGL Background Thread 3 ] DEBUG Engine               - versionCheckDays: 7
03:56:38.713 [FXGL Background Thread 3 ] DEBUG Engine               - width: 800
03:56:38.713 [FXGL Background Thread 3 ] DEBUG Engine               - Logging services
03:56:38.714 [FXGL Background Thread 3 ] DEBUG Engine               - class com.almasb.fxgl.app.FXGLApplication$GameApplicationService
03:56:38.714 [FXGL Background Thread 3 ] DEBUG Engine               - class com.almasb.fxgl.app.services.FXGLDialogService
03:56:38.714 [FXGL Background Thread 3 ] DEBUG Engine               - class com.almasb.fxgl.app.services.IOTaskExecutorService
03:56:38.714 [FXGL Background Thread 3 ] DEBUG Engine               - class com.almasb.fxgl.event.EventBusService
03:56:38.715 [FXGL Background Thread 3 ] DEBUG Engine               - class com.almasb.fxgl.io.FileSystemService
03:56:38.715 [FXGL Background Thread 3 ] DEBUG Engine               - class com.almasb.fxgl.localization.LocalizationService
03:56:38.715 [FXGL Background Thread 3 ] DEBUG Engine               - class com.almasb.fxgl.app.services.FXGLAssetLoaderService
03:56:38.715 [FXGL Background Thread 3 ] DEBUG Engine               - class com.almasb.fxgl.app.services.SystemBundleService
03:56:38.716 [FXGL Background Thread 3 ] DEBUG Engine               - class com.almasb.fxgl.profile.SaveLoadService
03:56:38.716 [FXGL Background Thread 3 ] DEBUG Engine               - class com.almasb.fxgl.ui.FXGLUIFactoryServiceProvider
03:56:38.716 [FXGL Background Thread 3 ] DEBUG Engine               - class com.almasb.fxgl.ui.FXGLDialogFactoryServiceProvider
03:56:38.717 [FXGL Background Thread 3 ] DEBUG Engine               - class com.almasb.fxgl.audio.AudioPlayer
03:56:38.718 [FXGL Background Thread 3 ] DEBUG Engine               - class com.almasb.fxgl.notification.impl.NotificationServiceProvider
03:56:38.718 [FXGL Background Thread 3 ] DEBUG Engine               - class com.almasb.fxgl.achievement.AchievementService
03:56:38.718 [FXGL Background Thread 3 ] DEBUG Engine               - class com.almasb.fxgl.cutscene.CutsceneService
03:56:38.719 [FXGL Background Thread 3 ] DEBUG Engine               - class com.almasb.fxgl.minigames.MiniGameService
03:56:38.719 [FXGL Background Thread 3 ] DEBUG Engine               - class com.almasb.fxgl.net.NetService
03:56:38.719 [FXGL Background Thread 3 ] DEBUG Engine               - class com.almasb.fxgl.app.services.UpdaterService
03:56:38.719 [FXGL Background Thread 3 ] DEBUG Engine               - class com.almasb.fxgl.dev.DevService
03:56:53.753 [JavaFX Application Thread] DEBUG FXGLApplication      - Exiting FXGL
03:56:53.754 [JavaFX Application Thread] DEBUG LoopRunner           - Stopping loop
03:56:53.754 [JavaFX Application Thread] DEBUG SystemBundleService  - Saving FXGL system data
03:56:53.756 [JavaFX Application Thread] DEBUG FileSystemAccess     - Writing to: C:\Users\Mark\Desktop\Pong CW\CI628-PongServer-master\system\fxgl.bundle
03:56:53.758 [JavaFX Application Thread] DEBUG Async                - Shutting down background threads
03:56:53.758 [JavaFX Application Thread] DEBUG MainWindow           - Closing main window
03:56:53.775 [JavaFX Application Thread] DEBUG Logger               - Closing Logger
