01:57:37.236 [main                     ] DEBUG Logger               - Configured Logger
01:57:37.256 [main                     ] DEBUG GameApplication      - Logging settings
Title: Pong
Version: 1.0
Width: 800
Height: 600
Fullscreen: false
Intro: false
Profiling: false
Single step:false
App Mode: DEBUG
Menu Key: ESCAPE
Stage Style: DECORATED
Scene Factory: class com.almasb.fxgl.app.scene.SceneFactory

01:57:37.586 [JavaFX Application Thread] DEBUG FXGLApplication      - Initializing FXGL
01:57:37.591 [JavaFX Application Thread] INFO  Engine               - FXGL-11.11 (08.09.2020 18.00) on WINDOWS (J:11.0.16.1 FX:14)
01:57:37.591 [JavaFX Application Thread] DEBUG Engine               - JRE Vendor Name: Microsoft
01:57:37.592 [JavaFX Application Thread] DEBUG Engine               - Running on OS: Windows 10 version 10.0
01:57:37.592 [JavaFX Application Thread] DEBUG Engine               - Architecture: amd64
01:57:37.593 [JavaFX Application Thread] INFO  Engine               - Source code and latest versions at: https://github.com/AlmasB/FXGL
01:57:37.593 [JavaFX Application Thread] INFO  Engine               -              Join the FXGL chat at: https://gitter.im/AlmasB/FXGL
01:57:37.665 [JavaFX Application Thread] DEBUG MainWindow           - Creating a JavaFX scene
01:57:37.712 [JavaFX Application Thread] DEBUG MainWindow           - Target settings size: 800.0 x 600.0
01:57:37.712 [JavaFX Application Thread] DEBUG MainWindow           - Scaled scene size:    800.0 x 600.0
01:57:37.713 [JavaFX Application Thread] DEBUG MainWindow           - Scaled ratio: (1.0, 1.0)
01:57:37.714 [JavaFX Application Thread] DEBUG MainWindow           - Set initial scene to StartupScene
01:57:37.717 [JavaFX Application Thread] DEBUG MainWindow           - Opening main window
01:57:37.792 [JavaFX Application Thread] DEBUG MainWindow           - Window border size: (16.0, 39.0)
01:57:37.793 [JavaFX Application Thread] DEBUG MainWindow           - Scaled size: 800.0 x 600.0
01:57:37.793 [JavaFX Application Thread] DEBUG MainWindow           - Scaled ratio: (1.0, 1.0)
01:57:37.794 [JavaFX Application Thread] DEBUG MainWindow           - Scene size: 800.0 x 600.0
01:57:37.794 [JavaFX Application Thread] DEBUG MainWindow           - Stage size: 816.0 x 639.0
01:57:37.799 [FXGL Background Thread 1 ] DEBUG Engine               - Initializing environment variables
01:57:37.818 [FXGL Background Thread 1 ] DEBUG GameApplicationServi - Applying CSS: fxgl_dark.css
01:57:37.819 [FXGL Background Thread 1 ] DEBUG FXGLAssetLoaderServi - Loading from file system: /assets/ui/css/fxgl_dark.css
01:57:37.857 [FXGL Background Thread 1 ] DEBUG GameApplicationServi - Initializing application scenes
01:57:37.882 [FXGL Background Thread 1 ] DEBUG GameWorld            - Game world initialized
01:57:37.915 [FXGL Background Thread 1 ] DEBUG PhysicsWorld         - Physics world initialized: appHeight=600, physics.ppm=50,0
01:57:37.916 [FXGL Background Thread 1 ] DEBUG GameScene            - Game scene initialized: 800x600
01:57:37.933 [FXGL Background Thread 1 ] DEBUG FXGLAssetLoaderServi - Loading from file system: /assets/textures/particles/trace_horizontal.png
01:57:37.966 [FXGL Background Thread 1 ] DEBUG FXGL.DefaultMenu     - createMenuBodyGameMenu()
01:57:37.976 [FXGL Background Thread 1 ] DEBUG FXGL.DefaultMenu     - createOptionsMenu()
01:57:37.980 [FXGL Background Thread 1 ] DEBUG FXGLAssetLoaderServi - Loading from file system: /assets/textures/particles/smoke.png
01:57:38.013 [FXGL Background Thread 1 ] DEBUG GameApplicationServi - Application scenes initialized
01:57:38.021 [FXGL Background Thread 1 ] DEBUG SystemBundleService  - Loading FXGL system data
01:57:38.024 [FXGL Background Thread 1 ] DEBUG FileSystemAccess     - Reading from: C:\Users\Alex's Pc\Documents\CI628-CW-main\system\fxgl.bundle
01:57:38.029 [FXGL Background Thread 1 ] DEBUG SystemBundleService  - Bundle FXGL: {}
01:57:38.029 [FXGL Background Thread 1 ] DEBUG UpdaterService       - Checking for updates
01:57:38.033 [FXGL Background Thread 4 ] DEBUG FXGLApplication      - Loading fonts
01:57:38.033 [FXGL Background Thread 1 ] DEBUG FXGLApplication      - Loading default localization
01:57:38.033 [FXGL Background Thread 4 ] DEBUG FXGLAssetLoaderServi - Loading from file system: /assets/ui/fonts/pong.ttf
01:57:38.033 [FXGL Background Thread 1 ] DEBUG FXGLAssetLoaderServi - Loading from file system: /assets/languages/english.lang
01:57:38.042 [FXGL Background Thread 1 ] INFO  FXGLApplication      - FXGL initialization took: 0,243 sec
01:57:38.049 [JavaFX Application Thread] DEBUG Input                - Registered new binding: Up1 - A
01:57:38.050 [JavaFX Application Thread] DEBUG Input                - Registered new binding: Down1 - D
01:57:38.050 [JavaFX Application Thread] DEBUG Input                - Registered new binding: Up2 - H
01:57:38.050 [JavaFX Application Thread] DEBUG Input                - Registered new binding: Down2 - K
01:57:38.050 [JavaFX Application Thread] DEBUG Input                - Registered new binding: Jump1 - W
01:57:38.051 [JavaFX Application Thread] DEBUG Input                - Registered new binding: Jump2 - U
01:57:38.051 [JavaFX Application Thread] DEBUG FXGLAssetLoaderServi - Loading from file system: /assets/textures/fxgl_icon.png
01:57:38.063 [JavaFX Application Thread] DEBUG FXGLAssetLoaderServi - Loading from file system: /assets/ui/cursors/fxgl_default.png
01:57:38.065 [JavaFX Application Thread] DEBUG Input                - Registered new binding: Screenshot - P
01:57:38.066 [JavaFX Application Thread] DEBUG Input                - Registered new binding: System info dump - CTRL+9
01:57:38.066 [JavaFX Application Thread] DEBUG Input                - Registered new binding: Restart - CTRL+R
01:57:38.067 [JavaFX Application Thread] DEBUG Input                - Registered new binding: Toggle Debug Camera - CTRL+C
01:57:38.069 [JavaFX Application Thread] DEBUG LoopRunner           - Starting loop
01:57:38.070 [JavaFX Application Thread] DEBUG GameApplicationServi - Starting new game
01:57:38.070 [JavaFX Application Thread] DEBUG Input                - Clearing active input actions
01:57:38.077 [JavaFX Application Thread] DEBUG GameApplicationServi - Removing overlay from StartupScene and adding to FXGLLoadingScene
01:57:38.078 [JavaFX Application Thread] DEBUG MainWindow           - StartupScene -> FXGLLoadingScene
01:57:38.079 [JavaFX Application Thread] DEBUG GameApplicationServi - Clearing previous game
01:57:38.079 [JavaFX Application Thread] DEBUG GameScene            - Clearing game scene
01:57:38.079 [JavaFX Application Thread] DEBUG GameWorld            - Clearing game world
01:57:38.079 [JavaFX Application Thread] DEBUG PhysicsWorld         - Clearing physics world
01:57:38.080 [FXGL Background Thread 1 ] DEBUG FXGLApplication      - Initializing game
01:57:38.116 [FXGL Background Thread 1 ] DEBUG FXGLAssetLoaderServi - Loading from file system: /assets/ui/main.fxml
01:57:38.121 [Thread-3                 ] DEBUG TCPServer            - Starting to listen at: 55555 type: class java.lang.String
01:57:38.174 [FXGL Background Thread 1 ] DEBUG FXGLAssetLoaderServi - Loading from file system: /assets/textures/background.jgp
01:57:38.179 [FXGL Background Thread 1 ] WARN  FXGLAssetLoaderServi - Failed to load texture background.jgp Error: java.lang.IllegalArgumentException: Asset "/assets/textures/background.jgp" was not found!
01:57:38.192 [FXGL Background Thread 1 ] INFO  FXGLApplication      - Game initialization took: 0,113 sec
01:57:38.193 [JavaFX Application Thread] DEBUG Input                - Clearing active input actions
01:57:38.201 [JavaFX Application Thread] DEBUG GameApplicationServi - Removing overlay from FXGLLoadingScene and adding to GameScene
01:57:38.202 [JavaFX Application Thread] DEBUG MainWindow           - FXGLLoadingScene -> GameScene
01:57:38.234 [FXGL Background Thread 4 ] DEBUG FXGLAssetLoaderServi - Loading from file system: /assets/ui/fonts/Abel-Regular.ttf
01:57:38.237 [FXGL Background Thread 4 ] DEBUG FXGLAssetLoaderServi - Loading from file system: /assets/ui/fonts/lucida_console.ttf
01:57:38.243 [FXGL Background Thread 4 ] DEBUG FXGLAssetLoaderServi - Loading from file system: /assets/ui/fonts/Courier-Prime.ttf
01:57:38.248 [JavaFX Application Thread] DEBUG FXGLApplication      - Registering font factories with UI factory
01:57:38.666 [FXGL Background Thread 2 ] INFO  UpdaterService       - Your current version:  11.11
01:57:38.666 [FXGL Background Thread 2 ] INFO  UpdaterService       - Latest stable version: 17+dev-SNAPSHOT
01:57:41.032 [FXGL Background Thread 3 ] DEBUG Engine               - Logging environment variables
01:57:41.033 [FXGL Background Thread 3 ] DEBUG Engine               - achievements: []
01:57:41.034 [FXGL Background Thread 3 ] DEBUG Engine               - appIcon: fxgl_icon.png
01:57:41.034 [FXGL Background Thread 3 ] DEBUG Engine               - applicationMode: DEBUG
01:57:41.034 [FXGL Background Thread 3 ] DEBUG Engine               - cSSList: [fxgl_dark.css]
01:57:41.034 [FXGL Background Thread 3 ] DEBUG Engine               - configClass: Optional.empty
01:57:41.034 [FXGL Background Thread 3 ] DEBUG Engine               - credits: []
01:57:41.035 [FXGL Background Thread 3 ] DEBUG Engine               - devBBoxColorProperty: ObjectProperty [value: 0xff0000ff]
01:57:41.035 [FXGL Background Thread 3 ] DEBUG Engine               - devEnableDebugCameraProperty: BooleanProperty [value: false]
01:57:41.035 [FXGL Background Thread 3 ] DEBUG Engine               - devSensorColorProperty: ObjectProperty [value: 0xffff00ff]
01:57:41.036 [FXGL Background Thread 3 ] DEBUG Engine               - devShowBBoxProperty: BooleanProperty [value: false]
01:57:41.036 [FXGL Background Thread 3 ] DEBUG Engine               - devShowPositionProperty: BooleanProperty [value: false]
01:57:41.036 [FXGL Background Thread 3 ] DEBUG Engine               - enabledMenuItems: []
01:57:41.036 [FXGL Background Thread 3 ] DEBUG Engine               - engineServices: [class com.almasb.fxgl.app.FXGLApplication$GameApplicationService, class com.almasb.fxgl.app.services.FXGLDialogService, class com.almasb.fxgl.app.services.IOTaskExecutorService, class com.almasb.fxgl.event.EventBusService, class com.almasb.fxgl.io.FileSystemService, class com.almasb.fxgl.localization.LocalizationService, class com.almasb.fxgl.app.services.FXGLAssetLoaderService, class com.almasb.fxgl.app.services.SystemBundleService, class com.almasb.fxgl.profile.SaveLoadService, class com.almasb.fxgl.ui.FXGLUIFactoryServiceProvider, class com.almasb.fxgl.ui.FXGLDialogFactoryServiceProvider, class com.almasb.fxgl.audio.AudioPlayer, class com.almasb.fxgl.notification.impl.NotificationServiceProvider, class com.almasb.fxgl.achievement.AchievementService, class com.almasb.fxgl.cutscene.CutsceneService, class com.almasb.fxgl.minigames.MiniGameService, class com.almasb.fxgl.net.NetService, class com.almasb.fxgl.app.services.UpdaterService, class com.almasb.fxgl.dev.DevService]
01:57:41.037 [FXGL Background Thread 3 ] DEBUG Engine               - fontGame: Abel-Regular.ttf
01:57:41.037 [FXGL Background Thread 3 ] DEBUG Engine               - fontMono: lucida_console.ttf
01:57:41.037 [FXGL Background Thread 3 ] DEBUG Engine               - fontText: Courier-Prime.ttf
01:57:41.038 [FXGL Background Thread 3 ] DEBUG Engine               - fontUI: pong.ttf
01:57:41.038 [FXGL Background Thread 3 ] DEBUG Engine               - fullScreen: BooleanProperty [value: false]
01:57:41.038 [FXGL Background Thread 3 ] DEBUG Engine               - gameDifficulty: MEDIUM
01:57:41.038 [FXGL Background Thread 3 ] DEBUG Engine               - gameDifficultyProperty: ObjectProperty [value: MEDIUM]
01:57:41.038 [FXGL Background Thread 3 ] DEBUG Engine               - globalMusicVolume: 0.5
01:57:41.039 [FXGL Background Thread 3 ] DEBUG Engine               - globalMusicVolumeProperty: DoubleProperty [value: 0.5]
01:57:41.039 [FXGL Background Thread 3 ] DEBUG Engine               - globalSoundVolume: 0.5
01:57:41.039 [FXGL Background Thread 3 ] DEBUG Engine               - globalSoundVolumeProperty: DoubleProperty [value: 0.5]
01:57:41.039 [FXGL Background Thread 3 ] DEBUG Engine               - height: 600
01:57:41.040 [FXGL Background Thread 3 ] DEBUG Engine               - isAndroid: false
01:57:41.040 [FXGL Background Thread 3 ] DEBUG Engine               - isBrowser: false
01:57:41.040 [FXGL Background Thread 3 ] DEBUG Engine               - isClickFeedbackEnabled: false
01:57:41.040 [FXGL Background Thread 3 ] DEBUG Engine               - isCloseConfirmation: false
01:57:41.040 [FXGL Background Thread 3 ] DEBUG Engine               - isDesktop: true
01:57:41.040 [FXGL Background Thread 3 ] DEBUG Engine               - isDeveloperMenuEnabled: false
01:57:41.040 [FXGL Background Thread 3 ] DEBUG Engine               - isEntityPreloadEnabled: true
01:57:41.040 [FXGL Background Thread 3 ] DEBUG Engine               - isExperimentalNative: false
01:57:41.041 [FXGL Background Thread 3 ] DEBUG Engine               - isExperimentalTiledLargeMap: false
01:57:41.041 [FXGL Background Thread 3 ] DEBUG Engine               - isFileSystemWriteAllowed: true
01:57:41.041 [FXGL Background Thread 3 ] DEBUG Engine               - isFullScreenAllowed: false
01:57:41.041 [FXGL Background Thread 3 ] DEBUG Engine               - isFullScreenFromStart: false
01:57:41.042 [FXGL Background Thread 3 ] DEBUG Engine               - isGameMenuEnabled: true
01:57:41.042 [FXGL Background Thread 3 ] DEBUG Engine               - isIOS: false
01:57:41.042 [FXGL Background Thread 3 ] DEBUG Engine               - isIntroEnabled: false
01:57:41.042 [FXGL Background Thread 3 ] DEBUG Engine               - isLinux: false
01:57:41.043 [FXGL Background Thread 3 ] DEBUG Engine               - isMac: false
01:57:41.043 [FXGL Background Thread 3 ] DEBUG Engine               - isMainMenuEnabled: false
01:57:41.043 [FXGL Background Thread 3 ] DEBUG Engine               - isManualResizeEnabled: false
01:57:41.044 [FXGL Background Thread 3 ] DEBUG Engine               - isMobile: false
01:57:41.044 [FXGL Background Thread 3 ] DEBUG Engine               - isPreserveResizeRatio: false
01:57:41.044 [FXGL Background Thread 3 ] DEBUG Engine               - isProfilingEnabled: false
01:57:41.044 [FXGL Background Thread 3 ] DEBUG Engine               - isSingleStep: false
01:57:41.045 [FXGL Background Thread 3 ] DEBUG Engine               - isUserProfileEnabled: false
01:57:41.045 [FXGL Background Thread 3 ] DEBUG Engine               - isWindows: true
01:57:41.045 [FXGL Background Thread 3 ] DEBUG Engine               - language: ObjectProperty [value: ENGLISH]
01:57:41.045 [FXGL Background Thread 3 ] DEBUG Engine               - menuKey: ESCAPE
01:57:41.046 [FXGL Background Thread 3 ] DEBUG Engine               - notificationViewClass: class com.almasb.fxgl.notification.view.XboxNotificationView
01:57:41.046 [FXGL Background Thread 3 ] DEBUG Engine               - pixelsPerMeter: 50.0
01:57:41.046 [FXGL Background Thread 3 ] DEBUG Engine               - platform: WINDOWS
01:57:41.046 [FXGL Background Thread 3 ] DEBUG Engine               - profileDir: profiles/
01:57:41.046 [FXGL Background Thread 3 ] DEBUG Engine               - profileName: StringProperty [value: DEFAULT]
01:57:41.047 [FXGL Background Thread 3 ] DEBUG Engine               - randomSeed: -1
01:57:41.047 [FXGL Background Thread 3 ] DEBUG Engine               - runtimeInfo: RuntimeInfo(platform=WINDOWS, version=11.11, build=08.09.2020 18.00)
01:57:41.047 [FXGL Background Thread 3 ] DEBUG Engine               - saveFileExt: sav
01:57:41.047 [FXGL Background Thread 3 ] DEBUG Engine               - sceneFactory: com.almasb.fxgl.app.scene.SceneFactory@6fd6e774
01:57:41.047 [FXGL Background Thread 3 ] DEBUG Engine               - secondsIn24h: 60
01:57:41.047 [FXGL Background Thread 3 ] DEBUG Engine               - soundMenuBack: menu/back.wav
01:57:41.048 [FXGL Background Thread 3 ] DEBUG Engine               - soundMenuPress: menu/press.wav
01:57:41.048 [FXGL Background Thread 3 ] DEBUG Engine               - soundMenuSelect: menu/select.wav
01:57:41.048 [FXGL Background Thread 3 ] DEBUG Engine               - soundNotification: core/notification.wav
01:57:41.048 [FXGL Background Thread 3 ] DEBUG Engine               - stageStyle: DECORATED
01:57:41.048 [FXGL Background Thread 3 ] DEBUG Engine               - supportedLanguages: [ENGLISH, FRENCH, GERMAN, HUNGARIAN, RUSSIAN]
01:57:41.049 [FXGL Background Thread 3 ] DEBUG Engine               - title: Pong
01:57:41.049 [FXGL Background Thread 3 ] DEBUG Engine               - urlGithub: https://github.com/AlmasB/FXGL
01:57:41.049 [FXGL Background Thread 3 ] DEBUG Engine               - urlLeaderboard: http://fxgl-top.herokuapp.com/
01:57:41.049 [FXGL Background Thread 3 ] DEBUG Engine               - urlPOM: https://raw.githubusercontent.com/AlmasB/FXGL/master/pom.xml
01:57:41.049 [FXGL Background Thread 3 ] DEBUG Engine               - version: 1.0
01:57:41.049 [FXGL Background Thread 3 ] DEBUG Engine               - versionCheckDays: 7
01:57:41.049 [FXGL Background Thread 3 ] DEBUG Engine               - width: 800
01:57:41.050 [FXGL Background Thread 3 ] DEBUG Engine               - Logging services
01:57:41.050 [FXGL Background Thread 3 ] DEBUG Engine               - class com.almasb.fxgl.app.FXGLApplication$GameApplicationService
01:57:41.050 [FXGL Background Thread 3 ] DEBUG Engine               - class com.almasb.fxgl.app.services.FXGLDialogService
01:57:41.050 [FXGL Background Thread 3 ] DEBUG Engine               - class com.almasb.fxgl.app.services.IOTaskExecutorService
01:57:41.050 [FXGL Background Thread 3 ] DEBUG Engine               - class com.almasb.fxgl.event.EventBusService
01:57:41.050 [FXGL Background Thread 3 ] DEBUG Engine               - class com.almasb.fxgl.io.FileSystemService
01:57:41.051 [FXGL Background Thread 3 ] DEBUG Engine               - class com.almasb.fxgl.localization.LocalizationService
01:57:41.051 [FXGL Background Thread 3 ] DEBUG Engine               - class com.almasb.fxgl.app.services.FXGLAssetLoaderService
01:57:41.051 [FXGL Background Thread 3 ] DEBUG Engine               - class com.almasb.fxgl.app.services.SystemBundleService
01:57:41.051 [FXGL Background Thread 3 ] DEBUG Engine               - class com.almasb.fxgl.profile.SaveLoadService
01:57:41.052 [FXGL Background Thread 3 ] DEBUG Engine               - class com.almasb.fxgl.ui.FXGLUIFactoryServiceProvider
01:57:41.052 [FXGL Background Thread 3 ] DEBUG Engine               - class com.almasb.fxgl.ui.FXGLDialogFactoryServiceProvider
01:57:41.052 [FXGL Background Thread 3 ] DEBUG Engine               - class com.almasb.fxgl.audio.AudioPlayer
01:57:41.052 [FXGL Background Thread 3 ] DEBUG Engine               - class com.almasb.fxgl.notification.impl.NotificationServiceProvider
01:57:41.052 [FXGL Background Thread 3 ] DEBUG Engine               - class com.almasb.fxgl.achievement.AchievementService
01:57:41.053 [FXGL Background Thread 3 ] DEBUG Engine               - class com.almasb.fxgl.cutscene.CutsceneService
01:57:41.053 [FXGL Background Thread 3 ] DEBUG Engine               - class com.almasb.fxgl.minigames.MiniGameService
01:57:41.053 [FXGL Background Thread 3 ] DEBUG Engine               - class com.almasb.fxgl.net.NetService
01:57:41.053 [FXGL Background Thread 3 ] DEBUG Engine               - class com.almasb.fxgl.app.services.UpdaterService
01:57:41.053 [FXGL Background Thread 3 ] DEBUG Engine               - class com.almasb.fxgl.dev.DevService
01:57:47.339 [JavaFX Application Thread] DEBUG FXGLApplication      - Exiting FXGL
01:57:47.340 [JavaFX Application Thread] DEBUG LoopRunner           - Stopping loop
01:57:47.341 [JavaFX Application Thread] DEBUG SystemBundleService  - Saving FXGL system data
01:57:47.342 [JavaFX Application Thread] DEBUG FileSystemAccess     - Writing to: C:\Users\Alex's Pc\Documents\CI628-CW-main\system\fxgl.bundle
01:57:47.344 [JavaFX Application Thread] DEBUG Async                - Shutting down background threads
01:57:47.345 [JavaFX Application Thread] DEBUG MainWindow           - Closing main window
01:57:47.354 [JavaFX Application Thread] DEBUG Logger               - Closing Logger
