22:53:06.062 [main                     ] DEBUG Logger               - Configured Logger
22:53:06.093 [main                     ] DEBUG GameApplication      - Logging settings
Title: Pong
Version: 1.0
Width: 800
Height: 600
Fullscreen: false
Intro: false
Profiling: false
Single step:false
App Mode: DEBUG
Menu Key: ESCAPE
Stage Style: DECORATED
Scene Factory: class com.almasb.fxgl.app.scene.SceneFactory

22:53:06.600 [JavaFX Application Thread] DEBUG FXGLApplication      - Initializing FXGL
22:53:06.608 [JavaFX Application Thread] INFO  Engine               - FXGL-11.11 (08.09.2020 18.00) on WINDOWS (J:11.0.16.1 FX:14)
22:53:06.609 [JavaFX Application Thread] DEBUG Engine               - JRE Vendor Name: Microsoft
22:53:06.609 [JavaFX Application Thread] DEBUG Engine               - Running on OS: Windows 10 version 10.0
22:53:06.610 [JavaFX Application Thread] DEBUG Engine               - Architecture: amd64
22:53:06.610 [JavaFX Application Thread] INFO  Engine               - Source code and latest versions at: https://github.com/AlmasB/FXGL
22:53:06.610 [JavaFX Application Thread] INFO  Engine               -              Join the FXGL chat at: https://gitter.im/AlmasB/FXGL
22:53:06.685 [JavaFX Application Thread] DEBUG MainWindow           - Creating a JavaFX scene
22:53:06.734 [JavaFX Application Thread] DEBUG MainWindow           - Target settings size: 800.0 x 600.0
22:53:06.735 [JavaFX Application Thread] DEBUG MainWindow           - Scaled scene size:    800.0 x 600.0
22:53:06.735 [JavaFX Application Thread] DEBUG MainWindow           - Scaled ratio: (1.0, 1.0)
22:53:06.736 [JavaFX Application Thread] DEBUG MainWindow           - Set initial scene to StartupScene
22:53:06.740 [JavaFX Application Thread] DEBUG MainWindow           - Opening main window
22:53:06.805 [JavaFX Application Thread] DEBUG MainWindow           - Window border size: (16.0, 39.0)
22:53:06.808 [JavaFX Application Thread] DEBUG MainWindow           - Scaled size: 800.0 x 600.0
22:53:06.808 [JavaFX Application Thread] DEBUG MainWindow           - Scaled ratio: (1.0, 1.0)
22:53:06.809 [JavaFX Application Thread] DEBUG MainWindow           - Scene size: 800.0 x 600.0
22:53:06.809 [JavaFX Application Thread] DEBUG MainWindow           - Stage size: 816.0 x 639.0
22:53:06.814 [FXGL Background Thread 1 ] DEBUG Engine               - Initializing environment variables
22:53:06.839 [FXGL Background Thread 1 ] DEBUG GameApplicationServi - Applying CSS: fxgl_dark.css
22:53:06.841 [FXGL Background Thread 1 ] DEBUG FXGLAssetLoaderServi - Loading from file system: /assets/ui/css/fxgl_dark.css
22:53:06.883 [FXGL Background Thread 1 ] DEBUG GameApplicationServi - Initializing application scenes
22:53:06.909 [FXGL Background Thread 1 ] DEBUG GameWorld            - Game world initialized
22:53:06.945 [FXGL Background Thread 1 ] DEBUG PhysicsWorld         - Physics world initialized: appHeight=600, physics.ppm=50,0
22:53:06.946 [FXGL Background Thread 1 ] DEBUG GameScene            - Game scene initialized: 800x600
22:53:06.964 [FXGL Background Thread 1 ] DEBUG FXGLAssetLoaderServi - Loading from file system: /assets/textures/particles/trace_horizontal.png
22:53:06.997 [FXGL Background Thread 1 ] DEBUG FXGL.DefaultMenu     - createMenuBodyGameMenu()
22:53:07.009 [FXGL Background Thread 1 ] DEBUG FXGL.DefaultMenu     - createOptionsMenu()
22:53:07.014 [FXGL Background Thread 1 ] DEBUG FXGLAssetLoaderServi - Loading from file system: /assets/textures/particles/smoke.png
22:53:07.050 [FXGL Background Thread 1 ] DEBUG GameApplicationServi - Application scenes initialized
22:53:07.064 [FXGL Background Thread 1 ] DEBUG SystemBundleService  - Loading default FXGL system data
22:53:07.064 [FXGL Background Thread 1 ] DEBUG UpdaterService       - Checking for updates
22:53:07.068 [FXGL Background Thread 4 ] DEBUG FXGLApplication      - Loading fonts
22:53:07.069 [FXGL Background Thread 1 ] DEBUG FXGLApplication      - Loading default localization
22:53:07.069 [FXGL Background Thread 4 ] DEBUG FXGLAssetLoaderServi - Loading from file system: /assets/ui/fonts/pong.ttf
22:53:07.069 [FXGL Background Thread 1 ] DEBUG FXGLAssetLoaderServi - Loading from file system: /assets/languages/english.lang
22:53:07.081 [FXGL Background Thread 1 ] INFO  FXGLApplication      - FXGL initialization took: 0,267 sec
22:53:07.088 [JavaFX Application Thread] DEBUG Input                - Registered new binding: Up1 - A
22:53:07.089 [JavaFX Application Thread] DEBUG Input                - Registered new binding: Down1 - D
22:53:07.090 [JavaFX Application Thread] DEBUG Input                - Registered new binding: Up2 - H
22:53:07.090 [JavaFX Application Thread] DEBUG Input                - Registered new binding: Down2 - K
22:53:07.090 [JavaFX Application Thread] DEBUG Input                - Registered new binding: Jump1 - W
22:53:07.091 [JavaFX Application Thread] DEBUG Input                - Registered new binding: Jump2 - U
22:53:07.091 [JavaFX Application Thread] DEBUG FXGLAssetLoaderServi - Loading from file system: /assets/textures/fxgl_icon.png
22:53:07.104 [JavaFX Application Thread] DEBUG FXGLAssetLoaderServi - Loading from file system: /assets/ui/cursors/fxgl_default.png
22:53:07.107 [JavaFX Application Thread] DEBUG Input                - Registered new binding: Screenshot - P
22:53:07.108 [JavaFX Application Thread] DEBUG Input                - Registered new binding: System info dump - CTRL+9
22:53:07.109 [JavaFX Application Thread] DEBUG Input                - Registered new binding: Restart - CTRL+R
22:53:07.109 [JavaFX Application Thread] DEBUG Input                - Registered new binding: Toggle Debug Camera - CTRL+C
22:53:07.111 [JavaFX Application Thread] DEBUG LoopRunner           - Starting loop
22:53:07.112 [JavaFX Application Thread] DEBUG GameApplicationServi - Starting new game
22:53:07.113 [JavaFX Application Thread] DEBUG Input                - Clearing active input actions
22:53:07.119 [JavaFX Application Thread] DEBUG GameApplicationServi - Removing overlay from StartupScene and adding to FXGLLoadingScene
22:53:07.120 [JavaFX Application Thread] DEBUG MainWindow           - StartupScene -> FXGLLoadingScene
22:53:07.120 [JavaFX Application Thread] DEBUG GameApplicationServi - Clearing previous game
22:53:07.121 [JavaFX Application Thread] DEBUG GameScene            - Clearing game scene
22:53:07.121 [JavaFX Application Thread] DEBUG GameWorld            - Clearing game world
22:53:07.121 [JavaFX Application Thread] DEBUG PhysicsWorld         - Clearing physics world
22:53:07.123 [FXGL Background Thread 1 ] DEBUG FXGLApplication      - Initializing game
22:53:07.179 [FXGL Background Thread 1 ] DEBUG FXGLAssetLoaderServi - Loading from file system: /assets/ui/main.fxml
22:53:07.184 [Thread-3                 ] DEBUG TCPServer            - Starting to listen at: 55555 type: class java.lang.String
22:53:07.235 [FXGL Background Thread 1 ] INFO  FXGLApplication      - Game initialization took: 0,111 sec
22:53:07.236 [JavaFX Application Thread] DEBUG Input                - Clearing active input actions
22:53:07.243 [JavaFX Application Thread] DEBUG GameApplicationServi - Removing overlay from FXGLLoadingScene and adding to GameScene
22:53:07.244 [JavaFX Application Thread] DEBUG MainWindow           - FXGLLoadingScene -> GameScene
22:53:07.332 [FXGL Background Thread 4 ] DEBUG FXGLAssetLoaderServi - Loading from file system: /assets/ui/fonts/Abel-Regular.ttf
22:53:07.336 [FXGL Background Thread 4 ] DEBUG FXGLAssetLoaderServi - Loading from file system: /assets/ui/fonts/lucida_console.ttf
22:53:07.341 [FXGL Background Thread 4 ] DEBUG FXGLAssetLoaderServi - Loading from file system: /assets/ui/fonts/Courier-Prime.ttf
22:53:07.358 [JavaFX Application Thread] DEBUG FXGLApplication      - Registering font factories with UI factory
22:53:07.912 [FXGL Background Thread 2 ] INFO  UpdaterService       - Your current version:  11.11
22:53:07.914 [FXGL Background Thread 2 ] INFO  UpdaterService       - Latest stable version: 17+dev-SNAPSHOT
22:53:10.069 [FXGL Background Thread 3 ] DEBUG Engine               - Logging environment variables
22:53:10.069 [FXGL Background Thread 3 ] DEBUG Engine               - achievements: []
22:53:10.070 [FXGL Background Thread 3 ] DEBUG Engine               - appIcon: fxgl_icon.png
22:53:10.070 [FXGL Background Thread 3 ] DEBUG Engine               - applicationMode: DEBUG
22:53:10.071 [FXGL Background Thread 3 ] DEBUG Engine               - cSSList: [fxgl_dark.css]
22:53:10.071 [FXGL Background Thread 3 ] DEBUG Engine               - configClass: Optional.empty
22:53:10.071 [FXGL Background Thread 3 ] DEBUG Engine               - credits: []
22:53:10.072 [FXGL Background Thread 3 ] DEBUG Engine               - devBBoxColorProperty: ObjectProperty [value: 0xff0000ff]
22:53:10.072 [FXGL Background Thread 3 ] DEBUG Engine               - devEnableDebugCameraProperty: BooleanProperty [value: false]
22:53:10.072 [FXGL Background Thread 3 ] DEBUG Engine               - devSensorColorProperty: ObjectProperty [value: 0xffff00ff]
22:53:10.073 [FXGL Background Thread 3 ] DEBUG Engine               - devShowBBoxProperty: BooleanProperty [value: false]
22:53:10.073 [FXGL Background Thread 3 ] DEBUG Engine               - devShowPositionProperty: BooleanProperty [value: false]
22:53:10.074 [FXGL Background Thread 3 ] DEBUG Engine               - enabledMenuItems: []
22:53:10.074 [FXGL Background Thread 3 ] DEBUG Engine               - engineServices: [class com.almasb.fxgl.app.FXGLApplication$GameApplicationService, class com.almasb.fxgl.app.services.FXGLDialogService, class com.almasb.fxgl.app.services.IOTaskExecutorService, class com.almasb.fxgl.event.EventBusService, class com.almasb.fxgl.io.FileSystemService, class com.almasb.fxgl.localization.LocalizationService, class com.almasb.fxgl.app.services.FXGLAssetLoaderService, class com.almasb.fxgl.app.services.SystemBundleService, class com.almasb.fxgl.profile.SaveLoadService, class com.almasb.fxgl.ui.FXGLUIFactoryServiceProvider, class com.almasb.fxgl.ui.FXGLDialogFactoryServiceProvider, class com.almasb.fxgl.audio.AudioPlayer, class com.almasb.fxgl.notification.impl.NotificationServiceProvider, class com.almasb.fxgl.achievement.AchievementService, class com.almasb.fxgl.cutscene.CutsceneService, class com.almasb.fxgl.minigames.MiniGameService, class com.almasb.fxgl.net.NetService, class com.almasb.fxgl.app.services.UpdaterService, class com.almasb.fxgl.dev.DevService]
22:53:10.075 [FXGL Background Thread 3 ] DEBUG Engine               - fontGame: Abel-Regular.ttf
22:53:10.075 [FXGL Background Thread 3 ] DEBUG Engine               - fontMono: lucida_console.ttf
22:53:10.075 [FXGL Background Thread 3 ] DEBUG Engine               - fontText: Courier-Prime.ttf
22:53:10.075 [FXGL Background Thread 3 ] DEBUG Engine               - fontUI: pong.ttf
22:53:10.076 [FXGL Background Thread 3 ] DEBUG Engine               - fullScreen: BooleanProperty [value: false]
22:53:10.076 [FXGL Background Thread 3 ] DEBUG Engine               - gameDifficulty: MEDIUM
22:53:10.076 [FXGL Background Thread 3 ] DEBUG Engine               - gameDifficultyProperty: ObjectProperty [value: MEDIUM]
22:53:10.076 [FXGL Background Thread 3 ] DEBUG Engine               - globalMusicVolume: 0.5
22:53:10.076 [FXGL Background Thread 3 ] DEBUG Engine               - globalMusicVolumeProperty: DoubleProperty [value: 0.5]
22:53:10.077 [FXGL Background Thread 3 ] DEBUG Engine               - globalSoundVolume: 0.5
22:53:10.077 [FXGL Background Thread 3 ] DEBUG Engine               - globalSoundVolumeProperty: DoubleProperty [value: 0.5]
22:53:10.077 [FXGL Background Thread 3 ] DEBUG Engine               - height: 600
22:53:10.077 [FXGL Background Thread 3 ] DEBUG Engine               - isAndroid: false
22:53:10.077 [FXGL Background Thread 3 ] DEBUG Engine               - isBrowser: false
22:53:10.077 [FXGL Background Thread 3 ] DEBUG Engine               - isClickFeedbackEnabled: false
22:53:10.078 [FXGL Background Thread 3 ] DEBUG Engine               - isCloseConfirmation: false
22:53:10.078 [FXGL Background Thread 3 ] DEBUG Engine               - isDesktop: true
22:53:10.078 [FXGL Background Thread 3 ] DEBUG Engine               - isDeveloperMenuEnabled: false
22:53:10.078 [FXGL Background Thread 3 ] DEBUG Engine               - isEntityPreloadEnabled: true
22:53:10.078 [FXGL Background Thread 3 ] DEBUG Engine               - isExperimentalNative: false
22:53:10.079 [FXGL Background Thread 3 ] DEBUG Engine               - isExperimentalTiledLargeMap: false
22:53:10.079 [FXGL Background Thread 3 ] DEBUG Engine               - isFileSystemWriteAllowed: true
22:53:10.079 [FXGL Background Thread 3 ] DEBUG Engine               - isFullScreenAllowed: false
22:53:10.079 [FXGL Background Thread 3 ] DEBUG Engine               - isFullScreenFromStart: false
22:53:10.079 [FXGL Background Thread 3 ] DEBUG Engine               - isGameMenuEnabled: true
22:53:10.079 [FXGL Background Thread 3 ] DEBUG Engine               - isIOS: false
22:53:10.080 [FXGL Background Thread 3 ] DEBUG Engine               - isIntroEnabled: false
22:53:10.080 [FXGL Background Thread 3 ] DEBUG Engine               - isLinux: false
22:53:10.080 [FXGL Background Thread 3 ] DEBUG Engine               - isMac: false
22:53:10.080 [FXGL Background Thread 3 ] DEBUG Engine               - isMainMenuEnabled: false
22:53:10.080 [FXGL Background Thread 3 ] DEBUG Engine               - isManualResizeEnabled: false
22:53:10.081 [FXGL Background Thread 3 ] DEBUG Engine               - isMobile: false
22:53:10.081 [FXGL Background Thread 3 ] DEBUG Engine               - isPreserveResizeRatio: false
22:53:10.081 [FXGL Background Thread 3 ] DEBUG Engine               - isProfilingEnabled: false
22:53:10.081 [FXGL Background Thread 3 ] DEBUG Engine               - isSingleStep: false
22:53:10.081 [FXGL Background Thread 3 ] DEBUG Engine               - isUserProfileEnabled: false
22:53:10.081 [FXGL Background Thread 3 ] DEBUG Engine               - isWindows: true
22:53:10.082 [FXGL Background Thread 3 ] DEBUG Engine               - language: ObjectProperty [value: ENGLISH]
22:53:10.082 [FXGL Background Thread 3 ] DEBUG Engine               - menuKey: ESCAPE
22:53:10.082 [FXGL Background Thread 3 ] DEBUG Engine               - notificationViewClass: class com.almasb.fxgl.notification.view.XboxNotificationView
22:53:10.082 [FXGL Background Thread 3 ] DEBUG Engine               - pixelsPerMeter: 50.0
22:53:10.082 [FXGL Background Thread 3 ] DEBUG Engine               - platform: WINDOWS
22:53:10.083 [FXGL Background Thread 3 ] DEBUG Engine               - profileDir: profiles/
22:53:10.083 [FXGL Background Thread 3 ] DEBUG Engine               - profileName: StringProperty [value: DEFAULT]
22:53:10.083 [FXGL Background Thread 3 ] DEBUG Engine               - randomSeed: -1
22:53:10.083 [FXGL Background Thread 3 ] DEBUG Engine               - runtimeInfo: RuntimeInfo(platform=WINDOWS, version=11.11, build=08.09.2020 18.00)
22:53:10.083 [FXGL Background Thread 3 ] DEBUG Engine               - saveFileExt: sav
22:53:10.083 [FXGL Background Thread 3 ] DEBUG Engine               - sceneFactory: com.almasb.fxgl.app.scene.SceneFactory@9ba3aa5
22:53:10.084 [FXGL Background Thread 3 ] DEBUG Engine               - secondsIn24h: 60
22:53:10.084 [FXGL Background Thread 3 ] DEBUG Engine               - soundMenuBack: menu/back.wav
22:53:10.084 [FXGL Background Thread 3 ] DEBUG Engine               - soundMenuPress: menu/press.wav
22:53:10.084 [FXGL Background Thread 3 ] DEBUG Engine               - soundMenuSelect: menu/select.wav
22:53:10.085 [FXGL Background Thread 3 ] DEBUG Engine               - soundNotification: core/notification.wav
22:53:10.085 [FXGL Background Thread 3 ] DEBUG Engine               - stageStyle: DECORATED
22:53:10.085 [FXGL Background Thread 3 ] DEBUG Engine               - supportedLanguages: [ENGLISH, FRENCH, GERMAN, HUNGARIAN, RUSSIAN]
22:53:10.085 [FXGL Background Thread 3 ] DEBUG Engine               - title: Pong
22:53:10.085 [FXGL Background Thread 3 ] DEBUG Engine               - urlGithub: https://github.com/AlmasB/FXGL
22:53:10.085 [FXGL Background Thread 3 ] DEBUG Engine               - urlLeaderboard: http://fxgl-top.herokuapp.com/
22:53:10.085 [FXGL Background Thread 3 ] DEBUG Engine               - urlPOM: https://raw.githubusercontent.com/AlmasB/FXGL/master/pom.xml
22:53:10.086 [FXGL Background Thread 3 ] DEBUG Engine               - version: 1.0
22:53:10.086 [FXGL Background Thread 3 ] DEBUG Engine               - versionCheckDays: 7
22:53:10.086 [FXGL Background Thread 3 ] DEBUG Engine               - width: 800
22:53:10.086 [FXGL Background Thread 3 ] DEBUG Engine               - Logging services
22:53:10.086 [FXGL Background Thread 3 ] DEBUG Engine               - class com.almasb.fxgl.app.FXGLApplication$GameApplicationService
22:53:10.086 [FXGL Background Thread 3 ] DEBUG Engine               - class com.almasb.fxgl.app.services.FXGLDialogService
22:53:10.087 [FXGL Background Thread 3 ] DEBUG Engine               - class com.almasb.fxgl.app.services.IOTaskExecutorService
22:53:10.087 [FXGL Background Thread 3 ] DEBUG Engine               - class com.almasb.fxgl.event.EventBusService
22:53:10.087 [FXGL Background Thread 3 ] DEBUG Engine               - class com.almasb.fxgl.io.FileSystemService
22:53:10.087 [FXGL Background Thread 3 ] DEBUG Engine               - class com.almasb.fxgl.localization.LocalizationService
22:53:10.087 [FXGL Background Thread 3 ] DEBUG Engine               - class com.almasb.fxgl.app.services.FXGLAssetLoaderService
22:53:10.087 [FXGL Background Thread 3 ] DEBUG Engine               - class com.almasb.fxgl.app.services.SystemBundleService
22:53:10.088 [FXGL Background Thread 3 ] DEBUG Engine               - class com.almasb.fxgl.profile.SaveLoadService
22:53:10.088 [FXGL Background Thread 3 ] DEBUG Engine               - class com.almasb.fxgl.ui.FXGLUIFactoryServiceProvider
22:53:10.088 [FXGL Background Thread 3 ] DEBUG Engine               - class com.almasb.fxgl.ui.FXGLDialogFactoryServiceProvider
22:53:10.088 [FXGL Background Thread 3 ] DEBUG Engine               - class com.almasb.fxgl.audio.AudioPlayer
22:53:10.088 [FXGL Background Thread 3 ] DEBUG Engine               - class com.almasb.fxgl.notification.impl.NotificationServiceProvider
22:53:10.089 [FXGL Background Thread 3 ] DEBUG Engine               - class com.almasb.fxgl.achievement.AchievementService
22:53:10.089 [FXGL Background Thread 3 ] DEBUG Engine               - class com.almasb.fxgl.cutscene.CutsceneService
22:53:10.089 [FXGL Background Thread 3 ] DEBUG Engine               - class com.almasb.fxgl.minigames.MiniGameService
22:53:10.089 [FXGL Background Thread 3 ] DEBUG Engine               - class com.almasb.fxgl.net.NetService
22:53:10.089 [FXGL Background Thread 3 ] DEBUG Engine               - class com.almasb.fxgl.app.services.UpdaterService
22:53:10.090 [FXGL Background Thread 3 ] DEBUG Engine               - class com.almasb.fxgl.dev.DevService
22:53:21.536 [JavaFX Application Thread] DEBUG FXGLApplication      - Exiting FXGL
22:53:21.536 [JavaFX Application Thread] DEBUG LoopRunner           - Stopping loop
22:53:21.537 [JavaFX Application Thread] DEBUG SystemBundleService  - Saving FXGL system data
22:53:21.539 [JavaFX Application Thread] DEBUG FileSystemAccess     - Writing to: C:\Users\Alex's Pc\Documents\CI628-CW-main\system\fxgl.bundle
22:53:21.543 [JavaFX Application Thread] DEBUG Async                - Shutting down background threads
22:53:21.544 [JavaFX Application Thread] DEBUG MainWindow           - Closing main window
22:53:21.554 [JavaFX Application Thread] DEBUG Logger               - Closing Logger
